Log file open, 09/16/19 17:44:24
LogWindows: Failed to load 'aqProf.dll' (GetLastError=126)
LogWindows: File 'aqProf.dll' does not exist
LogWindows: Failed to load 'VtuneApi.dll' (GetLastError=126)
LogWindows: File 'VtuneApi.dll' does not exist
LogWindows: Failed to load 'VtuneApi32e.dll' (GetLastError=126)
LogWindows: File 'VtuneApi32e.dll' does not exist
LogConsoleResponse: Display: Failed to find resolution value strings in scalability ini. Falling back to default.
LogInit: Display: Running engine for game: PluginDevelopement
LogPakFile: Registered encryption key '00000000000000000000000000000000': 0 pak files mounted, 0 remain pending
LogPlatformFile: Not using cached read wrapper
LogTaskGraph: Started task graph with 5 named threads and 23 total threads with 3 sets of task threads.
LogStats: Stats thread started at 0.924182
LogD3D11RHI: Loaded GFSDK_Aftermath_Lib.x64.dll
LogICUInternationalization: ICU TimeZone Detection - Raw Offset: -5:00, Platform Override: ''
LogPluginManager: Mounting plugin Paper2D
LogPluginManager: Mounting plugin AISupport
LogPluginManager: Mounting plugin LightPropagationVolume
LogPluginManager: Mounting plugin ActorLayerUtilities
LogPluginManager: Mounting plugin AnimationSharing
LogPluginManager: Mounting plugin CLionSourceCodeAccess
LogPluginManager: Mounting plugin CodeLiteSourceCodeAccess
LogPluginManager: Mounting plugin GitSourceControl
LogPluginManager: Mounting plugin KDevelopSourceCodeAccess
LogPluginManager: Mounting plugin NullSourceCodeAccess
LogPluginManager: Mounting plugin PerforceSourceControl
LogPluginManager: Mounting plugin SubversionSourceControl
LogPluginManager: Mounting plugin UObjectPlugin
LogPluginManager: Mounting plugin VisualStudioCodeSourceCodeAccess
LogPluginManager: Mounting plugin VisualStudioSourceCodeAccess
LogPluginManager: Mounting plugin XCodeSourceCodeAccess
LogPluginManager: Mounting plugin AssetManagerEditor
LogPluginManager: Mounting plugin CryptoKeys
LogPluginManager: Mounting plugin DataValidation
LogPluginManager: Mounting plugin EditorScriptingUtilities
LogPluginManager: Mounting plugin FacialAnimation
LogPluginManager: Mounting plugin GameplayTagsEditor
LogPluginManager: Mounting plugin GLTFImporter
LogPluginManager: Mounting plugin MacGraphicsSwitching
LogPluginManager: Mounting plugin MaterialAnalyzer
LogPluginManager: Mounting plugin MeshEditor
LogPluginManager: Mounting plugin MobileLauncherProfileWizard
LogPluginManager: Mounting plugin PluginBrowser
LogPluginManager: Mounting plugin SpeedTreeImporter
LogPluginManager: Mounting plugin DatasmithContent
LogPluginManager: Mounting plugin VariantManagerContent
LogPluginManager: Mounting plugin AlembicImporter
LogPluginManager: Mounting plugin AppleImageUtils
LogPluginManager: Mounting plugin AppleVision
LogPluginManager: Mounting plugin BackChannel
LogPluginManager: Mounting plugin BlastPlugin
LogPluginManager: Mounting plugin ChaosSolverPlugin
LogPluginManager: Mounting plugin CharacterAI
LogPluginManager: Mounting plugin GeometryCache
LogPluginManager: Mounting plugin GeometryCollectionPlugin
LogPluginManager: Mounting plugin HTML5Networking
LogPluginManager: Mounting plugin ProxyLODPlugin
LogPluginManager: Mounting plugin SkeletalReduction
LogPluginManager: Mounting plugin MagicLeap
LogPluginManager: Mounting plugin MagicLeapMedia
LogPluginManager: Mounting plugin AndroidMedia
LogPluginManager: Mounting plugin AvfMedia
LogPluginManager: Mounting plugin ImgMedia
LogPluginManager: Mounting plugin LinearTimecode
LogPluginManager: Mounting plugin MediaCompositing
LogPluginManager: Mounting plugin MediaPlayerEditor
LogPluginManager: Mounting plugin WebMMedia
LogPluginManager: Mounting plugin WmfMedia
LogPluginManager: Mounting plugin TcpMessaging
LogPluginManager: Mounting plugin UdpMessaging
LogPluginManager: Mounting plugin ActorSequence
LogPluginManager: Mounting plugin LevelSequenceEditor
LogPluginManager: Mounting plugin MatineeToLevelSequence
LogPluginManager: Mounting plugin NetcodeUnitTest
LogPluginManager: Mounting plugin NUTUnrealEngine4
LogPluginManager: Mounting plugin OnlineSubsystemGooglePlay
LogPluginManager: Mounting plugin OnlineSubsystemIOS
LogPluginManager: Mounting plugin OnlineSubsystem
LogPluginManager: Mounting plugin OnlineSubsystemNull
LogPluginManager: Mounting plugin OnlineSubsystemUtils
LogPluginManager: Mounting plugin LauncherChunkInstaller
LogPluginManager: Mounting plugin AndroidDeviceProfileSelector
LogPluginManager: Mounting plugin AndroidMoviePlayer
LogPluginManager: Mounting plugin AndroidPermission
LogPluginManager: Mounting plugin AppleMoviePlayer
LogPluginManager: Mounting plugin ArchVisCharacter
LogPluginManager: Mounting plugin AudioCapture
LogPluginManager: Mounting plugin CableComponent
LogPluginManager: Mounting plugin CustomMeshComponent
LogPluginManager: Mounting plugin EditableMesh
LogPluginManager: Mounting plugin ExampleDeviceProfileSelector
LogPluginManager: Mounting plugin Firebase
LogPluginManager: Mounting plugin GoogleCloudMessaging
LogPluginManager: Mounting plugin IOSDeviceProfileSelector
LogPluginManager: Mounting plugin LinuxDeviceProfileSelector
LogPluginManager: Mounting plugin LocationServicesBPLibrary
LogPluginManager: Mounting plugin MobilePatchingUtils
LogPluginManager: Mounting plugin OculusVR
LogPluginManager: Mounting plugin PhysXVehicles
LogPluginManager: Mounting plugin ProceduralMeshComponent
LogPluginManager: Mounting plugin RuntimePhysXCooking
LogPluginManager: Mounting plugin SignificanceManager
LogPluginManager: Mounting plugin SteamVR
LogPluginManager: Mounting plugin WebMMoviePlayer
LogPluginManager: Mounting plugin WindowsMoviePlayer
LogPluginManager: Mounting plugin DatasmithCADImporter
LogPluginManager: Mounting plugin DatasmithDataPrepEditor
LogPluginManager: Mounting plugin DatasmithFBXImporter
LogPluginManager: Mounting plugin DatasmithGLTFImporter
LogPluginManager: Mounting plugin DatasmithImporter
LogPluginManager: Mounting plugin MDLImporter
LogPluginManager: Mounting plugin StaticMeshEditorExtension
LogPluginManager: Mounting plugin VariantManager
LogInit: Using libcurl 7.55.1-DEV
LogInit:  - built for x86_64-pc-win32
LogInit:  - supports SSL with OpenSSL/1.1.1
LogInit:  - supports HTTP deflate (compression) using libz 1.2.8
LogInit:  - other features:
LogInit:      CURL_VERSION_SSL
LogInit:      CURL_VERSION_LIBZ
LogInit:      CURL_VERSION_IPV6
LogInit:      CURL_VERSION_ASYNCHDNS
LogInit:      CURL_VERSION_LARGEFILE
LogInit:      CURL_VERSION_IDN
LogInit:  CurlRequestOptions (configurable via config and command line):
LogInit:  - bVerifyPeer = true  - Libcurl will verify peer certificate
LogInit:  - bUseHttpProxy = false  - Libcurl will NOT use HTTP proxy
LogInit:  - bDontReuseConnections = false  - Libcurl will reuse connections
LogInit:  - MaxHostConnections = 16  - Libcurl will limit the number of connections to a host
LogInit:  - LocalHostAddr = Default
LogInit:  - BufferSize = 65536
LogInit: WinSock: version 1.1 (2.2), MaxSocks=32767, MaxUdp=65467
LogInit: Build: ++UE4+Release-4.22-CL-7053642
LogInit: Engine Version: 4.22.3-7053642+++UE4+Release-4.22
LogInit: Compatible Engine Version: 4.22.0-5660361+++UE4+Release-4.22
LogInit: Net CL: 5660361
LogInit: OS: Windows 10 (Release 1809) (), CPU: Intel(R) Core(TM) i7-4700MQ CPU @ 2.40GHz, GPU: Intel(R) HD Graphics 4600
LogInit: Compiled (64-bit): Jun 18 2019 03:09:11
LogInit: Compiled with Visual C++: 19.16.27025.01
LogInit: Build Configuration: Development
LogInit: Branch Name: ++UE4+Release-4.22
LogInit: Command Line: 
LogInit: Base Directory: C:/Program Files/Epic Games/UE_4.22/Engine/Binaries/Win64/
LogInit: Installed Engine Build: 1
LogDevObjectVersion: Number of dev versions registered: 23
LogDevObjectVersion:   Dev-Blueprints (B0D832E4-1F89-4F0D-ACCF-7EB736FD4AA2): 10
LogDevObjectVersion:   Dev-Build (E1C64328-A22C-4D53-A36C-8E866417BD8C): 0
LogDevObjectVersion:   Dev-Core (375EC13C-06E4-48FB-B500-84F0262A717E): 3
LogDevObjectVersion:   Dev-Editor (E4B068ED-F494-42E9-A231-DA0B2E46BB41): 30
LogDevObjectVersion:   Dev-Framework (CFFC743F-43B0-4480-9391-14DF171D2073): 35
LogDevObjectVersion:   Dev-Mobile (B02B49B5-BB20-44E9-A304-32B752E40360): 2
LogDevObjectVersion:   Dev-Networking (A4E4105C-59A1-49B5-A7C5-40C4547EDFEE): 0
LogDevObjectVersion:   Dev-Online (39C831C9-5AE6-47DC-9A44-9C173E1C8E7C): 0
LogDevObjectVersion:   Dev-Physics (78F01B33-EBEA-4F98-B9B4-84EACCB95AA2): 0
LogDevObjectVersion:   Dev-Platform (6631380F-2D4D-43E0-8009-CF276956A95A): 0
LogDevObjectVersion:   Dev-Rendering (12F88B9F-8875-4AFC-A67C-D90C383ABD29): 28
LogDevObjectVersion:   Dev-Sequencer (7B5AE74C-D270-4C10-A958-57980B212A5A): 11
LogDevObjectVersion:   Dev-VR (D7296918-1DD6-4BDD-9DE2-64A83CC13884): 2
LogDevObjectVersion:   Dev-LoadTimes (C2A15278-BFE7-4AFE-6C17-90FF531DF755): 1
LogDevObjectVersion:   Private-Geometry (6EACA3D4-40EC-4CC1-B786-8BED09428FC5): 3
LogDevObjectVersion:   Dev-AnimPhys (29E575DD-E0A3-4627-9D10-D276232CDCEA): 17
LogDevObjectVersion:   Dev-Anim (AF43A65D-7FD3-4947-9873-3E8ED9C1BB05): 2
LogDevObjectVersion:   Dev-ReflectionCapture (6B266CEC-1EC7-4B8F-A30B-E4D90942FC07): 1
LogDevObjectVersion:   Dev-Automation (0DF73D61-A23F-47EA-B727-89E90C41499A): 1
LogDevObjectVersion:   FortniteMain (601D1886-AC64-4F84-AA16-D3DE0DEAC7D6): 25
LogDevObjectVersion:   Dev-Enterprise (9DFFBCD6-494F-0158-E221-12823C92A888): 6
LogDevObjectVersion:   Dev-Niagara (F2AED0AC-9AFE-416F-8664-AA7FFA26D6FC): 1
LogDevObjectVersion:   Dev-Destruction (174F1F0B-B4C6-45A5-B13F-2EE8D0FB917D): 2
LogInit: Presizing for max 16777216 objects, including 0 objects not considered by GC, pre-allocating 0 bytes for permanent pool.
LogInit: Object subsystem initialized
LogConfig: Setting CVar [[con.DebugEarlyDefault:1]]
LogConfig: Setting CVar [[r.setres:1280x720]]
[2019.09.16-21.44.26:050][  0]LogConfig: Setting CVar [[r.VSync:0]]
[2019.09.16-21.44.26:050][  0]LogConfig: Setting CVar [[r.RHICmdBypass:0]]
[2019.09.16-21.44.26:050][  0]LogConfig: Applying CVar settings from Section [/Script/Engine.RendererSettings] File [C:/Users/Matt/Desktop/School Work/LOG795/LOG795-A19/PluginDevelopement/Saved/Config/Windows/Engine.ini]
[2019.09.16-21.44.26:051][  0]LogConfig: Setting CVar [[r.GPUCrashDebugging:0]]
[2019.09.16-21.44.26:051][  0]LogConfig: Setting CVar [[r.DefaultFeature.AutoExposure.ExtendDefaultLuminanceRange:1]]
[2019.09.16-21.44.26:051][  0]LogConfig: Applying CVar settings from Section [/Script/Engine.RendererOverrideSettings] File [C:/Users/Matt/Desktop/School Work/LOG795/LOG795-A19/PluginDevelopement/Saved/Config/Windows/Engine.ini]
[2019.09.16-21.44.26:051][  0]LogConfig: Applying CVar settings from Section [/Script/Engine.StreamingSettings] File [C:/Users/Matt/Desktop/School Work/LOG795/LOG795-A19/PluginDevelopement/Saved/Config/Windows/Engine.ini]
[2019.09.16-21.44.26:051][  0]LogConfig: Setting CVar [[s.MinBulkDataSizeForAsyncLoading:131072]]
[2019.09.16-21.44.26:051][  0]LogConfig: Setting CVar [[s.AsyncLoadingThreadEnabled:0]]
[2019.09.16-21.44.26:051][  0]LogConfig: Setting CVar [[s.EventDrivenLoaderEnabled:1]]
[2019.09.16-21.44.26:051][  0]LogConfig: Setting CVar [[s.WarnIfTimeLimitExceeded:0]]
[2019.09.16-21.44.26:051][  0]LogConfig: Setting CVar [[s.TimeLimitExceededMultiplier:1.5]]
[2019.09.16-21.44.26:051][  0]LogConfig: Setting CVar [[s.TimeLimitExceededMinTime:0.005]]
[2019.09.16-21.44.26:051][  0]LogConfig: Setting CVar [[s.UseBackgroundLevelStreaming:1]]
[2019.09.16-21.44.26:051][  0]LogConfig: Setting CVar [[s.PriorityAsyncLoadingExtraTime:15.0]]
[2019.09.16-21.44.26:051][  0]LogConfig: Setting CVar [[s.LevelStreamingActorsUpdateTimeLimit:5.0]]
[2019.09.16-21.44.26:051][  0]LogConfig: Setting CVar [[s.PriorityLevelStreamingActorsUpdateExtraTime:5.0]]
[2019.09.16-21.44.26:051][  0]LogConfig: Setting CVar [[s.LevelStreamingComponentsRegistrationGranularity:10]]
[2019.09.16-21.44.26:051][  0]LogConfig: Setting CVar [[s.UnregisterComponentsTimeLimit:1.0]]
[2019.09.16-21.44.26:051][  0]LogConfig: Setting CVar [[s.LevelStreamingComponentsUnregistrationGranularity:5]]
[2019.09.16-21.44.26:051][  0]LogConfig: Applying CVar settings from Section [/Script/Engine.GarbageCollectionSettings] File [C:/Users/Matt/Desktop/School Work/LOG795/LOG795-A19/PluginDevelopement/Saved/Config/Windows/Engine.ini]
[2019.09.16-21.44.26:051][  0]LogConfig: Setting CVar [[gc.MaxObjectsNotConsideredByGC:1]]
[2019.09.16-21.44.26:051][  0]LogConfig: Setting CVar [[gc.SizeOfPermanentObjectPool:0]]
[2019.09.16-21.44.26:051][  0]LogConfig: Setting CVar [[gc.FlushStreamingOnGC:0]]
[2019.09.16-21.44.26:051][  0]LogConfig: Setting CVar [[gc.NumRetriesBeforeForcingGC:10]]
[2019.09.16-21.44.26:051][  0]LogConfig: Setting CVar [[gc.AllowParallelGC:1]]
[2019.09.16-21.44.26:052][  0]LogConfig: Setting CVar [[gc.TimeBetweenPurgingPendingKillObjects:61.1]]
[2019.09.16-21.44.26:052][  0]LogConfig: Setting CVar [[gc.MaxObjectsInEditor:16777216]]
[2019.09.16-21.44.26:052][  0]LogConfig: Setting CVar [[gc.IncrementalBeginDestroyEnabled:1]]
[2019.09.16-21.44.26:052][  0]LogConfig: Setting CVar [[gc.CreateGCClusters:1]]
[2019.09.16-21.44.26:052][  0]LogConfig: Setting CVar [[gc.MinGCClusterSize:5]]
[2019.09.16-21.44.26:052][  0]LogConfig: Setting CVar [[gc.ActorClusteringEnabled:0]]
[2019.09.16-21.44.26:052][  0]LogConfig: Setting CVar [[gc.BlueprintClusteringEnabled:0]]
[2019.09.16-21.44.26:052][  0]LogConfig: Setting CVar [[gc.UseDisregardForGCOnDedicatedServers:0]]
[2019.09.16-21.44.26:052][  0]LogConfig: Applying CVar settings from Section [/Script/Engine.NetworkSettings] File [C:/Users/Matt/Desktop/School Work/LOG795/LOG795-A19/PluginDevelopement/Saved/Config/Windows/Engine.ini]
[2019.09.16-21.44.26:052][  0]LogConfig: Applying CVar settings from Section [/Script/UnrealEd.CookerSettings] File [C:/Users/Matt/Desktop/School Work/LOG795/LOG795-A19/PluginDevelopement/Saved/Config/Windows/Engine.ini]
[2019.09.16-21.44.26:067][  0]LogConfig: Applying CVar settings from Section [ViewDistanceQuality@3] File [C:/Users/Matt/Desktop/School Work/LOG795/LOG795-A19/PluginDevelopement/Saved/Config/Windows/Scalability.ini]
[2019.09.16-21.44.26:067][  0]LogConfig: Setting CVar [[r.SkeletalMeshLODBias:0]]
[2019.09.16-21.44.26:067][  0]LogConfig: Setting CVar [[r.ViewDistanceScale:1.0]]
[2019.09.16-21.44.26:067][  0]LogConfig: Applying CVar settings from Section [AntiAliasingQuality@3] File [C:/Users/Matt/Desktop/School Work/LOG795/LOG795-A19/PluginDevelopement/Saved/Config/Windows/Scalability.ini]
[2019.09.16-21.44.26:067][  0]LogConfig: Setting CVar [[r.PostProcessAAQuality:4]]
[2019.09.16-21.44.26:067][  0]LogConfig: Applying CVar settings from Section [ShadowQuality@3] File [C:/Users/Matt/Desktop/School Work/LOG795/LOG795-A19/PluginDevelopement/Saved/Config/Windows/Scalability.ini]
[2019.09.16-21.44.26:067][  0]LogConfig: Setting CVar [[r.LightFunctionQuality:1]]
[2019.09.16-21.44.26:067][  0]LogConfig: Setting CVar [[r.ShadowQuality:5]]
[2019.09.16-21.44.26:067][  0]LogConfig: Setting CVar [[r.Shadow.CSM.MaxCascades:10]]
[2019.09.16-21.44.26:067][  0]LogConfig: Setting CVar [[r.Shadow.MaxResolution:2048]]
[2019.09.16-21.44.26:067][  0]LogConfig: Setting CVar [[r.Shadow.MaxCSMResolution:2048]]
[2019.09.16-21.44.26:067][  0]LogConfig: Setting CVar [[r.Shadow.RadiusThreshold:0.01]]
[2019.09.16-21.44.26:067][  0]LogConfig: Setting CVar [[r.Shadow.DistanceScale:1.0]]
[2019.09.16-21.44.26:067][  0]LogConfig: Setting CVar [[r.Shadow.CSM.TransitionScale:1.0]]
[2019.09.16-21.44.26:067][  0]LogConfig: Setting CVar [[r.Shadow.PreShadowResolutionFactor:1.0]]
[2019.09.16-21.44.26:067][  0]LogConfig: Setting CVar [[r.DistanceFieldShadowing:1]]
[2019.09.16-21.44.26:068][  0]LogConfig: Setting CVar [[r.DistanceFieldAO:1]]
[2019.09.16-21.44.26:068][  0]LogConfig: Setting CVar [[r.AOQuality:2]]
[2019.09.16-21.44.26:068][  0]LogConfig: Setting CVar [[r.VolumetricFog:1]]
[2019.09.16-21.44.26:068][  0]LogConfig: Setting CVar [[r.VolumetricFog.GridPixelSize:8]]
[2019.09.16-21.44.26:068][  0]LogConfig: Setting CVar [[r.VolumetricFog.GridSizeZ:128]]
[2019.09.16-21.44.26:068][  0]LogConfig: Setting CVar [[r.VolumetricFog.HistoryMissSupersampleCount:4]]
[2019.09.16-21.44.26:068][  0]LogConfig: Setting CVar [[r.LightMaxDrawDistanceScale:1]]
[2019.09.16-21.44.26:068][  0]LogConfig: Setting CVar [[r.CapsuleShadows:1]]
[2019.09.16-21.44.26:068][  0]LogConfig: Applying CVar settings from Section [PostProcessQuality@3] File [C:/Users/Matt/Desktop/School Work/LOG795/LOG795-A19/PluginDevelopement/Saved/Config/Windows/Scalability.ini]
[2019.09.16-21.44.26:068][  0]LogConfig: Setting CVar [[r.MotionBlurQuality:4]]
[2019.09.16-21.44.26:068][  0]LogConfig: Setting CVar [[r.AmbientOcclusionMipLevelFactor:0.4]]
[2019.09.16-21.44.26:068][  0]LogConfig: Setting CVar [[r.AmbientOcclusionMaxQuality:100]]
[2019.09.16-21.44.26:068][  0]LogConfig: Setting CVar [[r.AmbientOcclusionLevels:-1]]
[2019.09.16-21.44.26:068][  0]LogConfig: Setting CVar [[r.AmbientOcclusionRadiusScale:1.0]]
[2019.09.16-21.44.26:068][  0]LogConfig: Setting CVar [[r.DepthOfFieldQuality:2]]
[2019.09.16-21.44.26:068][  0]LogConfig: Setting CVar [[r.RenderTargetPoolMin:400]]
[2019.09.16-21.44.26:068][  0]LogConfig: Setting CVar [[r.LensFlareQuality:2]]
[2019.09.16-21.44.26:068][  0]LogConfig: Setting CVar [[r.SceneColorFringeQuality:1]]
[2019.09.16-21.44.26:068][  0]LogConfig: Setting CVar [[r.EyeAdaptationQuality:2]]
[2019.09.16-21.44.26:068][  0]LogConfig: Setting CVar [[r.BloomQuality:5]]
[2019.09.16-21.44.26:068][  0]LogConfig: Setting CVar [[r.FastBlurThreshold:100]]
[2019.09.16-21.44.26:068][  0]LogConfig: Setting CVar [[r.Upscale.Quality:3]]
[2019.09.16-21.44.26:068][  0]LogConfig: Setting CVar [[r.Tonemapper.GrainQuantization:1]]
[2019.09.16-21.44.26:068][  0]LogConfig: Setting CVar [[r.LightShaftQuality:1]]
[2019.09.16-21.44.26:068][  0]LogConfig: Setting CVar [[r.Filter.SizeScale:1]]
[2019.09.16-21.44.26:069][  0]LogConfig: Setting CVar [[r.Tonemapper.Quality:5]]
[2019.09.16-21.44.26:069][  0]LogConfig: Setting CVar [[r.DOF.Gather.AccumulatorQuality:1        ; higher gathering accumulator quality]]
[2019.09.16-21.44.26:069][  0]LogConfig: Setting CVar [[r.DOF.Gather.PostfilterMethod:1          ; Median3x3 postfilering method]]
[2019.09.16-21.44.26:069][  0]LogConfig: Setting CVar [[r.DOF.Gather.EnableBokehSettings:0       ; no bokeh simulation when gathering]]
[2019.09.16-21.44.26:069][  0]LogConfig: Setting CVar [[r.DOF.Gather.RingCount:4                 ; medium number of samples when gathering]]
[2019.09.16-21.44.26:069][  0]LogConfig: Setting CVar [[r.DOF.Scatter.ForegroundCompositing:1    ; additive foreground scattering]]
[2019.09.16-21.44.26:069][  0]LogConfig: Setting CVar [[r.DOF.Scatter.BackgroundCompositing:2    ; additive background scattering]]
[2019.09.16-21.44.26:069][  0]LogConfig: Setting CVar [[r.DOF.Scatter.EnableBokehSettings:1      ; bokeh simulation when scattering]]
[2019.09.16-21.44.26:069][  0]LogConfig: Setting CVar [[r.DOF.Scatter.MaxSpriteRatio:0.1         ; only a maximum of 10% of scattered bokeh]]
[2019.09.16-21.44.26:069][  0]LogConfig: Setting CVar [[r.DOF.Recombine.Quality:1                ; cheap slight out of focus]]
[2019.09.16-21.44.26:069][  0]LogConfig: Setting CVar [[r.DOF.Recombine.EnableBokehSettings:0    ; no bokeh simulation on slight out of focus]]
[2019.09.16-21.44.26:069][  0]LogConfig: Setting CVar [[r.DOF.TemporalAAQuality:1                ; more stable temporal accumulation]]
[2019.09.16-21.44.26:069][  0]LogConfig: Setting CVar [[r.DOF.Kernel.MaxForegroundRadius:0.025]]
[2019.09.16-21.44.26:069][  0]LogConfig: Setting CVar [[r.DOF.Kernel.MaxBackgroundRadius:0.025]]
[2019.09.16-21.44.26:069][  0]LogConfig: Applying CVar settings from Section [TextureQuality@3] File [C:/Users/Matt/Desktop/School Work/LOG795/LOG795-A19/PluginDevelopement/Saved/Config/Windows/Scalability.ini]
[2019.09.16-21.44.26:069][  0]LogConfig: Setting CVar [[r.Streaming.MipBias:0]]
[2019.09.16-21.44.26:069][  0]LogConfig: Setting CVar [[r.Streaming.AmortizeCPUToGPUCopy:0]]
[2019.09.16-21.44.26:069][  0]LogConfig: Setting CVar [[r.Streaming.MaxNumTexturesToStreamPerFrame:0]]
[2019.09.16-21.44.26:069][  0]LogConfig: Setting CVar [[r.Streaming.Boost:1]]
[2019.09.16-21.44.26:069][  0]LogConfig: Setting CVar [[r.MaxAnisotropy:8]]
[2019.09.16-21.44.26:069][  0]LogConfig: Setting CVar [[r.Streaming.LimitPoolSizeToVRAM:0]]
[2019.09.16-21.44.26:069][  0]LogConfig: Setting CVar [[r.Streaming.PoolSize:1000]]
[2019.09.16-21.44.26:069][  0]LogConfig: Setting CVar [[r.Streaming.MaxEffectiveScreenSize:0]]
[2019.09.16-21.44.26:069][  0]LogConfig: Applying CVar settings from Section [EffectsQuality@3] File [C:/Users/Matt/Desktop/School Work/LOG795/LOG795-A19/PluginDevelopement/Saved/Config/Windows/Scalability.ini]
[2019.09.16-21.44.26:069][  0]LogConfig: Setting CVar [[r.TranslucencyLightingVolumeDim:64]]
[2019.09.16-21.44.26:069][  0]LogConfig: Setting CVar [[r.RefractionQuality:2]]
[2019.09.16-21.44.26:069][  0]LogConfig: Setting CVar [[r.SSR.Quality:3]]
[2019.09.16-21.44.26:069][  0]LogConfig: Setting CVar [[r.SceneColorFormat:4]]
[2019.09.16-21.44.26:070][  0]LogConfig: Setting CVar [[r.DetailMode:2]]
[2019.09.16-21.44.26:070][  0]LogConfig: Setting CVar [[r.TranslucencyVolumeBlur:1]]
[2019.09.16-21.44.26:070][  0]LogConfig: Setting CVar [[r.MaterialQualityLevel:1 ; High quality]]
[2019.09.16-21.44.26:070][  0]LogConfig: Setting CVar [[r.SSS.Scale:1]]
[2019.09.16-21.44.26:070][  0]LogConfig: Setting CVar [[r.SSS.SampleSet:2]]
[2019.09.16-21.44.26:070][  0]LogConfig: Setting CVar [[r.SSS.Quality:1]]
[2019.09.16-21.44.26:070][  0]LogConfig: Setting CVar [[r.SSS.HalfRes:1]]
[2019.09.16-21.44.26:070][  0]LogConfig: Setting CVar [[r.EmitterSpawnRateScale:1.0]]
[2019.09.16-21.44.26:070][  0]LogConfig: Setting CVar [[r.ParticleLightQuality:2]]
[2019.09.16-21.44.26:070][  0]LogConfig: Applying CVar settings from Section [FoliageQuality@3] File [C:/Users/Matt/Desktop/School Work/LOG795/LOG795-A19/PluginDevelopement/Saved/Config/Windows/Scalability.ini]
[2019.09.16-21.44.26:070][  0]LogConfig: Setting CVar [[foliage.DensityScale:1.0]]
[2019.09.16-21.44.26:070][  0]LogConfig: Setting CVar [[grass.DensityScale:1.0]]
[2019.09.16-21.44.26:070][  0]LogInit: Selected Device Profile: [Windows]
[2019.09.16-21.44.26:070][  0]LogInit: Applying CVar settings loaded from the selected device profile: [Windows]
[2019.09.16-21.44.26:248][  0]LogHAL: Display: Platform has ~ 16 GB [17087881216 / 17179869184 / 16], which maps to Larger [LargestMinGB=32, LargerMinGB=12, DefaultMinGB=8, SmallerMinGB=6, SmallestMinGB=0)
[2019.09.16-21.44.26:248][  0]LogConfig: Setting CVar [[r.Vulkan.UseRealUBs:0		; Required until we fix HLR fall-out]]
[2019.09.16-21.44.26:248][  0]LogInit: Going up to parent DeviceProfile []
[2019.09.16-21.44.26:248][  0]LogConfig: Applying CVar settings from Section [ViewDistanceQuality@3] File [C:/Users/Matt/Desktop/School Work/LOG795/LOG795-A19/PluginDevelopement/Saved/Config/Windows/Scalability.ini]
[2019.09.16-21.44.26:248][  0]LogConfig: Setting CVar [[r.SkeletalMeshLODBias:0]]
[2019.09.16-21.44.26:248][  0]LogConfig: Setting CVar [[r.ViewDistanceScale:1.0]]
[2019.09.16-21.44.26:248][  0]LogConfig: Applying CVar settings from Section [AntiAliasingQuality@3] File [C:/Users/Matt/Desktop/School Work/LOG795/LOG795-A19/PluginDevelopement/Saved/Config/Windows/Scalability.ini]
[2019.09.16-21.44.26:248][  0]LogConfig: Setting CVar [[r.PostProcessAAQuality:4]]
[2019.09.16-21.44.26:248][  0]LogConfig: Applying CVar settings from Section [ShadowQuality@3] File [C:/Users/Matt/Desktop/School Work/LOG795/LOG795-A19/PluginDevelopement/Saved/Config/Windows/Scalability.ini]
[2019.09.16-21.44.26:248][  0]LogConfig: Setting CVar [[r.LightFunctionQuality:1]]
[2019.09.16-21.44.26:248][  0]LogConfig: Setting CVar [[r.ShadowQuality:5]]
[2019.09.16-21.44.26:248][  0]LogConfig: Setting CVar [[r.Shadow.CSM.MaxCascades:10]]
[2019.09.16-21.44.26:248][  0]LogConfig: Setting CVar [[r.Shadow.MaxResolution:2048]]
[2019.09.16-21.44.26:248][  0]LogConfig: Setting CVar [[r.Shadow.MaxCSMResolution:2048]]
[2019.09.16-21.44.26:249][  0]LogConfig: Setting CVar [[r.Shadow.RadiusThreshold:0.01]]
[2019.09.16-21.44.26:249][  0]LogConfig: Setting CVar [[r.Shadow.DistanceScale:1.0]]
[2019.09.16-21.44.26:249][  0]LogConfig: Setting CVar [[r.Shadow.CSM.TransitionScale:1.0]]
[2019.09.16-21.44.26:249][  0]LogConfig: Setting CVar [[r.Shadow.PreShadowResolutionFactor:1.0]]
[2019.09.16-21.44.26:249][  0]LogConfig: Setting CVar [[r.DistanceFieldShadowing:1]]
[2019.09.16-21.44.26:249][  0]LogConfig: Setting CVar [[r.DistanceFieldAO:1]]
[2019.09.16-21.44.26:249][  0]LogConfig: Setting CVar [[r.AOQuality:2]]
[2019.09.16-21.44.26:249][  0]LogConfig: Setting CVar [[r.VolumetricFog:1]]
[2019.09.16-21.44.26:249][  0]LogConfig: Setting CVar [[r.VolumetricFog.GridPixelSize:8]]
[2019.09.16-21.44.26:249][  0]LogConfig: Setting CVar [[r.VolumetricFog.GridSizeZ:128]]
[2019.09.16-21.44.26:249][  0]LogConfig: Setting CVar [[r.VolumetricFog.HistoryMissSupersampleCount:4]]
[2019.09.16-21.44.26:249][  0]LogConfig: Setting CVar [[r.LightMaxDrawDistanceScale:1]]
[2019.09.16-21.44.26:249][  0]LogConfig: Setting CVar [[r.CapsuleShadows:1]]
[2019.09.16-21.44.26:249][  0]LogConfig: Applying CVar settings from Section [PostProcessQuality@3] File [C:/Users/Matt/Desktop/School Work/LOG795/LOG795-A19/PluginDevelopement/Saved/Config/Windows/Scalability.ini]
[2019.09.16-21.44.26:249][  0]LogConfig: Setting CVar [[r.MotionBlurQuality:4]]
[2019.09.16-21.44.26:249][  0]LogConfig: Setting CVar [[r.AmbientOcclusionMipLevelFactor:0.4]]
[2019.09.16-21.44.26:249][  0]LogConfig: Setting CVar [[r.AmbientOcclusionMaxQuality:100]]
[2019.09.16-21.44.26:249][  0]LogConfig: Setting CVar [[r.AmbientOcclusionLevels:-1]]
[2019.09.16-21.44.26:249][  0]LogConfig: Setting CVar [[r.AmbientOcclusionRadiusScale:1.0]]
[2019.09.16-21.44.26:249][  0]LogConfig: Setting CVar [[r.DepthOfFieldQuality:2]]
[2019.09.16-21.44.26:249][  0]LogConfig: Setting CVar [[r.RenderTargetPoolMin:400]]
[2019.09.16-21.44.26:249][  0]LogConfig: Setting CVar [[r.LensFlareQuality:2]]
[2019.09.16-21.44.26:249][  0]LogConfig: Setting CVar [[r.SceneColorFringeQuality:1]]
[2019.09.16-21.44.26:249][  0]LogConfig: Setting CVar [[r.EyeAdaptationQuality:2]]
[2019.09.16-21.44.26:249][  0]LogConfig: Setting CVar [[r.BloomQuality:5]]
[2019.09.16-21.44.26:250][  0]LogConfig: Setting CVar [[r.FastBlurThreshold:100]]
[2019.09.16-21.44.26:250][  0]LogConfig: Setting CVar [[r.Upscale.Quality:3]]
[2019.09.16-21.44.26:250][  0]LogConfig: Setting CVar [[r.Tonemapper.GrainQuantization:1]]
[2019.09.16-21.44.26:250][  0]LogConfig: Setting CVar [[r.LightShaftQuality:1]]
[2019.09.16-21.44.26:250][  0]LogConfig: Setting CVar [[r.Filter.SizeScale:1]]
[2019.09.16-21.44.26:250][  0]LogConfig: Setting CVar [[r.Tonemapper.Quality:5]]
[2019.09.16-21.44.26:250][  0]LogConfig: Setting CVar [[r.DOF.Gather.AccumulatorQuality:1        ; higher gathering accumulator quality]]
[2019.09.16-21.44.26:250][  0]LogConfig: Setting CVar [[r.DOF.Gather.PostfilterMethod:1          ; Median3x3 postfilering method]]
[2019.09.16-21.44.26:250][  0]LogConfig: Setting CVar [[r.DOF.Gather.EnableBokehSettings:0       ; no bokeh simulation when gathering]]
[2019.09.16-21.44.26:250][  0]LogConfig: Setting CVar [[r.DOF.Gather.RingCount:4                 ; medium number of samples when gathering]]
[2019.09.16-21.44.26:250][  0]LogConfig: Setting CVar [[r.DOF.Scatter.ForegroundCompositing:1    ; additive foreground scattering]]
[2019.09.16-21.44.26:250][  0]LogConfig: Setting CVar [[r.DOF.Scatter.BackgroundCompositing:2    ; additive background scattering]]
[2019.09.16-21.44.26:250][  0]LogConfig: Setting CVar [[r.DOF.Scatter.EnableBokehSettings:1      ; bokeh simulation when scattering]]
[2019.09.16-21.44.26:250][  0]LogConfig: Setting CVar [[r.DOF.Scatter.MaxSpriteRatio:0.1         ; only a maximum of 10% of scattered bokeh]]
[2019.09.16-21.44.26:250][  0]LogConfig: Setting CVar [[r.DOF.Recombine.Quality:1                ; cheap slight out of focus]]
[2019.09.16-21.44.26:250][  0]LogConfig: Setting CVar [[r.DOF.Recombine.EnableBokehSettings:0    ; no bokeh simulation on slight out of focus]]
[2019.09.16-21.44.26:250][  0]LogConfig: Setting CVar [[r.DOF.TemporalAAQuality:1                ; more stable temporal accumulation]]
[2019.09.16-21.44.26:250][  0]LogConfig: Setting CVar [[r.DOF.Kernel.MaxForegroundRadius:0.025]]
[2019.09.16-21.44.26:250][  0]LogConfig: Setting CVar [[r.DOF.Kernel.MaxBackgroundRadius:0.025]]
[2019.09.16-21.44.26:250][  0]LogConfig: Applying CVar settings from Section [TextureQuality@3] File [C:/Users/Matt/Desktop/School Work/LOG795/LOG795-A19/PluginDevelopement/Saved/Config/Windows/Scalability.ini]
[2019.09.16-21.44.26:250][  0]LogConfig: Setting CVar [[r.Streaming.MipBias:0]]
[2019.09.16-21.44.26:251][  0]LogConfig: Setting CVar [[r.Streaming.AmortizeCPUToGPUCopy:0]]
[2019.09.16-21.44.26:251][  0]LogConfig: Setting CVar [[r.Streaming.MaxNumTexturesToStreamPerFrame:0]]
[2019.09.16-21.44.26:251][  0]LogConfig: Setting CVar [[r.Streaming.Boost:1]]
[2019.09.16-21.44.26:251][  0]LogConfig: Setting CVar [[r.MaxAnisotropy:8]]
[2019.09.16-21.44.26:251][  0]LogConfig: Setting CVar [[r.Streaming.LimitPoolSizeToVRAM:0]]
[2019.09.16-21.44.26:251][  0]LogConfig: Setting CVar [[r.Streaming.PoolSize:1000]]
[2019.09.16-21.44.26:251][  0]LogConfig: Setting CVar [[r.Streaming.MaxEffectiveScreenSize:0]]
[2019.09.16-21.44.26:251][  0]LogConfig: Applying CVar settings from Section [EffectsQuality@3] File [C:/Users/Matt/Desktop/School Work/LOG795/LOG795-A19/PluginDevelopement/Saved/Config/Windows/Scalability.ini]
[2019.09.16-21.44.26:251][  0]LogConfig: Setting CVar [[r.TranslucencyLightingVolumeDim:64]]
[2019.09.16-21.44.26:251][  0]LogConfig: Setting CVar [[r.RefractionQuality:2]]
[2019.09.16-21.44.26:251][  0]LogConfig: Setting CVar [[r.SSR.Quality:3]]
[2019.09.16-21.44.26:251][  0]LogConfig: Setting CVar [[r.SceneColorFormat:4]]
[2019.09.16-21.44.26:251][  0]LogConfig: Setting CVar [[r.DetailMode:2]]
[2019.09.16-21.44.26:251][  0]LogConfig: Setting CVar [[r.TranslucencyVolumeBlur:1]]
[2019.09.16-21.44.26:251][  0]LogConfig: Setting CVar [[r.MaterialQualityLevel:1 ; High quality]]
[2019.09.16-21.44.26:251][  0]LogConfig: Setting CVar [[r.SSS.Scale:1]]
[2019.09.16-21.44.26:251][  0]LogConfig: Setting CVar [[r.SSS.SampleSet:2]]
[2019.09.16-21.44.26:251][  0]LogConfig: Setting CVar [[r.SSS.Quality:1]]
[2019.09.16-21.44.26:251][  0]LogConfig: Setting CVar [[r.SSS.HalfRes:1]]
[2019.09.16-21.44.26:251][  0]LogConfig: Setting CVar [[r.EmitterSpawnRateScale:1.0]]
[2019.09.16-21.44.26:251][  0]LogConfig: Setting CVar [[r.ParticleLightQuality:2]]
[2019.09.16-21.44.26:252][  0]LogConfig: Applying CVar settings from Section [FoliageQuality@3] File [C:/Users/Matt/Desktop/School Work/LOG795/LOG795-A19/PluginDevelopement/Saved/Config/Windows/Scalability.ini]
[2019.09.16-21.44.26:252][  0]LogConfig: Setting CVar [[foliage.DensityScale:1.0]]
[2019.09.16-21.44.26:252][  0]LogConfig: Setting CVar [[grass.DensityScale:1.0]]
[2019.09.16-21.44.26:252][  0]LogConfig: Applying CVar settings from Section [Startup] File [../../../Engine/Config/ConsoleVariables.ini]
[2019.09.16-21.44.26:252][  0]LogConfig: Setting CVar [[net.UseAdaptiveNetUpdateFrequency:0]]
[2019.09.16-21.44.26:252][  0]LogConfig: Setting CVar [[p.chaos.AllowCreatePhysxBodies:1]]
[2019.09.16-21.44.26:252][  0]LogConfig: Applying CVar settings from Section [ConsoleVariables] File [C:/Users/Matt/Desktop/School Work/LOG795/LOG795-A19/PluginDevelopement/Saved/Config/Windows/Engine.ini]
[2019.09.16-21.44.26:253][  0]LogInit: Computer: DESKTOP-U09QPD1
[2019.09.16-21.44.26:253][  0]LogInit: User: Matt
[2019.09.16-21.44.26:253][  0]LogInit: CPU Page size=4096, Cores=4
[2019.09.16-21.44.26:253][  0]LogInit: High frequency timer resolution =10.000000 MHz
[2019.09.16-21.44.26:254][  0]LogMemory: Memory total: Physical=15.9GB (16GB approx)
[2019.09.16-21.44.26:254][  0]LogMemory: Platform Memory Stats for Windows
[2019.09.16-21.44.26:254][  0]LogMemory: Process Physical Memory: 97.08 MB used, 97.09 MB peak
[2019.09.16-21.44.26:254][  0]LogMemory: Process Virtual Memory: 88.85 MB used, 88.85 MB peak
[2019.09.16-21.44.26:254][  0]LogMemory: Physical Memory: 6638.11 MB used,  9658.16 MB free, 16296.27 MB total
[2019.09.16-21.44.26:254][  0]LogMemory: Virtual Memory: 4656.41 MB used,  134213072.00 MB free, 134217728.00 MB total
[2019.09.16-21.44.26:304][  0]LogInit: Using OS detected language (en-US).
[2019.09.16-21.44.26:304][  0]LogInit: Using OS detected locale (en-CA).
[2019.09.16-21.44.26:306][  0]LogTextLocalizationManager: No specific localization for 'en-US' exists, so the 'en' localization will be used.
[2019.09.16-21.44.27:369][  0]LogInit: Setting process to per monitor DPI aware
[2019.09.16-21.44.27:713][  0]LogSlate: New Slate User Created.  User Index 0, Is Virtual User: 0
[2019.09.16-21.44.27:713][  0]LogSlate: Slate User Registered.  User Index 0, Is Virtual User: 0
[2019.09.16-21.44.36:170][  0]LogHMD: Failed to initialize OpenVR with code 110
[2019.09.16-21.44.36:170][  0]LogD3D11RHI: D3D11 adapters:
[2019.09.16-21.44.36:609][  0]LogD3D11RHI:    0. 'NVIDIA GeForce GT 755M' (Feature Level 11_0)
[2019.09.16-21.44.36:609][  0]LogD3D11RHI:       2009/0/8148 MB DedicatedVideo/DedicatedSystem/SharedSystem, Outputs:2, VendorId:0x10de
[2019.09.16-21.44.36:624][  0]LogD3D11RHI:    1. 'Intel(R) HD Graphics 4600' (Feature Level 11_0)
[2019.09.16-21.44.36:624][  0]LogD3D11RHI:       0/0/1792 MB DedicatedVideo/DedicatedSystem/SharedSystem, Outputs:0, VendorId:0x8086
[2019.09.16-21.44.36:629][  0]LogD3D11RHI:    2. 'Microsoft Basic Render Driver' (Feature Level 11_0)
[2019.09.16-21.44.36:629][  0]LogD3D11RHI:       0/0/8148 MB DedicatedVideo/DedicatedSystem/SharedSystem, Outputs:0, VendorId:0x1414
[2019.09.16-21.44.36:629][  0]LogD3D11RHI: Chosen D3D11 Adapter: 0
[2019.09.16-21.44.36:711][  0]LogD3D11RHI: Creating new Direct3DDevice
[2019.09.16-21.44.36:711][  0]LogD3D11RHI:     GPU DeviceId: 0xfcd (for the marketing name, search the web for "GPU Device Id")
[2019.09.16-21.44.36:711][  0]LogWindows: EnumDisplayDevices:
[2019.09.16-21.44.36:711][  0]LogWindows:    0. 'Intel(R) HD Graphics 4600' (P:1 D:1)
[2019.09.16-21.44.36:712][  0]LogWindows:    1. 'Intel(R) HD Graphics 4600' (P:0 D:1)
[2019.09.16-21.44.36:713][  0]LogWindows:    2. 'Intel(R) HD Graphics 4600' (P:0 D:0)
[2019.09.16-21.44.36:713][  0]LogWindows: DebugString: PrimaryIsNotTheChoosenAdapter PrimaryIsNotTheChoosenAdapter PrimaryIsNotTheChoosenAdapter FoundDriverCount:0 
[2019.09.16-21.44.36:713][  0]LogD3D11RHI:     Adapter Name: NVIDIA GeForce GT 755M
[2019.09.16-21.44.36:714][  0]LogD3D11RHI:   Driver Version: Unknown (internal:Unknown, unified:Unknown)
[2019.09.16-21.44.36:714][  0]LogD3D11RHI:      Driver Date: Unknown
[2019.09.16-21.44.36:714][  0]LogRHI: Texture pool is 1406 MB (70% of 2009 MB)
[2019.09.16-21.44.36:832][  0]LogD3D11RHI: Async texture creation enabled
[2019.09.16-21.44.36:849][  0]LogRendererCore: FGlobalReadBuffer::InitRHI
[2019.09.16-21.44.36:849][  0]LogRendererCore: FGlobalReadBuffer::InitRHI
[2019.09.16-21.44.36:850][  0]LogRendererCore: FGlobalReadBuffer::InitRHI
[2019.09.16-21.44.36:862][  0]LogD3D11RHI: GPU Timing Frequency: 1000.000000 (Debug: 2 1)
[2019.09.16-21.44.38:470][  0]LogTemp: Display: Module 'AllDesktopTargetPlatform' loaded TargetPlatform 'AllDesktop'
[2019.09.16-21.44.38:516][  0]LogTemp: Display: Module 'MacClientTargetPlatform' loaded TargetPlatform 'MacClient'
[2019.09.16-21.44.38:561][  0]LogTemp: Display: Module 'MacNoEditorTargetPlatform' loaded TargetPlatform 'MacNoEditor'
[2019.09.16-21.44.38:603][  0]LogTemp: Display: Module 'MacServerTargetPlatform' loaded TargetPlatform 'MacServer'
[2019.09.16-21.44.38:691][  0]LogTemp: Display: Module 'MacTargetPlatform' loaded TargetPlatform 'Mac'
[2019.09.16-21.44.38:739][  0]LogTemp: Display: Module 'WindowsClientTargetPlatform' loaded TargetPlatform 'WindowsClient'
[2019.09.16-21.44.38:784][  0]LogTemp: Display: Module 'WindowsNoEditorTargetPlatform' loaded TargetPlatform 'WindowsNoEditor'
[2019.09.16-21.44.38:831][  0]LogTemp: Display: Module 'WindowsServerTargetPlatform' loaded TargetPlatform 'WindowsServer'
[2019.09.16-21.44.38:853][  0]LogTemp: Display: Module 'WindowsTargetPlatform' loaded TargetPlatform 'Windows'
[2019.09.16-21.44.39:149][  0]LogTemp: Display: Module 'AndroidTargetPlatform' loaded TargetPlatform 'Android'
[2019.09.16-21.44.39:149][  0]LogTemp: Display: Module 'AndroidTargetPlatform' loaded TargetPlatform 'Android_ASTC'
[2019.09.16-21.44.39:149][  0]LogTemp: Display: Module 'AndroidTargetPlatform' loaded TargetPlatform 'Android_ATC'
[2019.09.16-21.44.39:149][  0]LogTemp: Display: Module 'AndroidTargetPlatform' loaded TargetPlatform 'Android_DXT'
[2019.09.16-21.44.39:149][  0]LogTemp: Display: Module 'AndroidTargetPlatform' loaded TargetPlatform 'Android_ETC1'
[2019.09.16-21.44.39:149][  0]LogTemp: Display: Module 'AndroidTargetPlatform' loaded TargetPlatform 'Android_ETC1a'
[2019.09.16-21.44.39:149][  0]LogTemp: Display: Module 'AndroidTargetPlatform' loaded TargetPlatform 'Android_ETC2'
[2019.09.16-21.44.39:149][  0]LogTemp: Display: Module 'AndroidTargetPlatform' loaded TargetPlatform 'Android_PVRTC'
[2019.09.16-21.44.39:149][  0]LogTemp: Display: Module 'AndroidTargetPlatform' loaded TargetPlatform 'AndroidClient'
[2019.09.16-21.44.39:150][  0]LogTemp: Display: Module 'AndroidTargetPlatform' loaded TargetPlatform 'Android_ASTCClient'
[2019.09.16-21.44.39:150][  0]LogTemp: Display: Module 'AndroidTargetPlatform' loaded TargetPlatform 'Android_ATCClient'
[2019.09.16-21.44.39:150][  0]LogTemp: Display: Module 'AndroidTargetPlatform' loaded TargetPlatform 'Android_DXTClient'
[2019.09.16-21.44.39:150][  0]LogTemp: Display: Module 'AndroidTargetPlatform' loaded TargetPlatform 'Android_ETC1Client'
[2019.09.16-21.44.39:150][  0]LogTemp: Display: Module 'AndroidTargetPlatform' loaded TargetPlatform 'Android_ETC1aClient'
[2019.09.16-21.44.39:150][  0]LogTemp: Display: Module 'AndroidTargetPlatform' loaded TargetPlatform 'Android_ETC2Client'
[2019.09.16-21.44.39:150][  0]LogTemp: Display: Module 'AndroidTargetPlatform' loaded TargetPlatform 'Android_PVRTCClient'
[2019.09.16-21.44.39:150][  0]LogTemp: Display: Module 'AndroidTargetPlatform' loaded TargetPlatform 'Android_Multi'
[2019.09.16-21.44.39:150][  0]LogTemp: Display: Module 'AndroidTargetPlatform' loaded TargetPlatform 'Android_MultiClient'
[2019.09.16-21.44.39:154][  0]LogTemp: Display: Module 'HTML5TargetPlatform' loaded TargetPlatform 'HTML5'
[2019.09.16-21.44.39:368][  0]LogTemp: Display: Module 'IOSTargetPlatform' loaded TargetPlatform 'IOSClient'
[2019.09.16-21.44.39:369][  0]LogTemp: Display: Module 'IOSTargetPlatform' loaded TargetPlatform 'IOS'
[2019.09.16-21.44.39:448][  0]LogTemp: Display: Module 'TVOSTargetPlatform' loaded TargetPlatform 'TVOSClient'
[2019.09.16-21.44.39:448][  0]LogTemp: Display: Module 'TVOSTargetPlatform' loaded TargetPlatform 'TVOS'
[2019.09.16-21.44.39:488][  0]LogTemp: Display: Module 'LinuxClientTargetPlatform' loaded TargetPlatform 'LinuxClient'
[2019.09.16-21.44.39:546][  0]LogTemp: Display: Module 'LinuxNoEditorTargetPlatform' loaded TargetPlatform 'LinuxNoEditor'
[2019.09.16-21.44.39:583][  0]LogTemp: Display: Module 'LinuxServerTargetPlatform' loaded TargetPlatform 'LinuxServer'
[2019.09.16-21.44.39:642][  0]LogTemp: Display: Module 'LinuxTargetPlatform' loaded TargetPlatform 'Linux'
[2019.09.16-21.44.39:788][  0]LogTemp: Display: Module 'LuminTargetPlatform' loaded TargetPlatform 'Lumin'
[2019.09.16-21.44.39:788][  0]LogTemp: Display: Module 'LuminTargetPlatform' loaded TargetPlatform 'LuminClient'
[2019.09.16-21.44.39:788][  0]LogTargetPlatformManager: Display: Building Assets For Windows
[2019.09.16-21.44.39:815][  0]LogAudioDebug: Display: Lib vorbis DLL was dynamically loaded.
[2019.09.16-21.44.40:203][  0]LogShaderCompilers: Guid format shader working directory is -40 characters bigger than the processId version (../../../../../../Users/Matt/Desktop/School Work/LOG795/LOG795-A19/PluginDevelopement/Intermediate/Shaders/WorkingDirectory/1724/).
[2019.09.16-21.44.40:204][  0]LogShaderCompilers: Cleaned the shader compiler working directory 'C:/Users/Matt/AppData/Local/Temp/UnrealShaderWorkingDir/B21B2D734D0D6E227D54CEB9C39F22BC/'.
[2019.09.16-21.44.40:211][  0]LogXGEController: Cannot use XGE Controller as Incredibuild is not installed on this machine.
[2019.09.16-21.44.40:211][  0]LogShaderCompilers: Cannot use XGE Shader Compiler as Incredibuild is not installed on this machine.
[2019.09.16-21.44.40:211][  0]LogShaderCompilers: Display: Using Local Shader Compiler.
[2019.09.16-21.44.48:270][  0]LogDerivedDataCache: Display: Max Cache Size: 512 MB
[2019.09.16-21.44.48:387][  0]LogDerivedDataCache: Loaded boot cache 0.12s 73MB C:/Users/Matt/AppData/Local/UnrealEngine/4.22/DerivedDataCache/Boot.ddc.
[2019.09.16-21.44.48:387][  0]LogDerivedDataCache: Display: Loaded Boot cache: C:/Users/Matt/AppData/Local/UnrealEngine/4.22/DerivedDataCache/Boot.ddc
[2019.09.16-21.44.48:387][  0]LogDerivedDataCache: FDerivedDataBackendGraph:  Pak pak cache file ../../../../../../Users/Matt/Desktop/School Work/LOG795/LOG795-A19/PluginDevelopement/DerivedDataCache/DDC.ddp not found, will not use a pak cache.
[2019.09.16-21.44.48:387][  0]LogDerivedDataCache: Unable to find inner node Pak for hierarchical cache Hierarchy.
[2019.09.16-21.44.48:388][  0]LogDerivedDataCache: FDerivedDataBackendGraph:  CompressedPak pak cache file ../../../../../../Users/Matt/Desktop/School Work/LOG795/LOG795-A19/PluginDevelopement/DerivedDataCache/Compressed.ddp not found, will not use a pak cache.
[2019.09.16-21.44.48:388][  0]LogDerivedDataCache: Unable to find inner node CompressedPak for hierarchical cache Hierarchy.
[2019.09.16-21.44.48:409][  0]LogDerivedDataCache: Display: Pak cache opened for reading ../../../Engine/DerivedDataCache/Compressed.ddp.
[2019.09.16-21.44.48:414][  0]LogDerivedDataCache: Display: Pak cache opened for reading ../../../Enterprise/DerivedDataCache/Compressed.ddp.
[2019.09.16-21.44.48:428][  0]LogDerivedDataCache: Using Local data cache path C:/Users/Matt/AppData/Local/UnrealEngine/Common/DerivedDataCache: Writable
[2019.09.16-21.44.48:428][  0]LogDerivedDataCache: Shared data cache path not found in *engine.ini, will not use an Shared cache.
[2019.09.16-21.44.48:428][  0]LogDerivedDataCache: Unable to find inner node Shared for hierarchical cache Hierarchy.
[2019.09.16-21.44.48:475][  0]LogMaterial: Verifying Global Shaders for PCD3D_SM5
[2019.09.16-21.44.48:477][  0]LogSlate: Using FreeType 2.6.0
[2019.09.16-21.44.48:889][  0]LogSlate: SlateFontServices - WITH_FREETYPE: 1, WITH_HARFBUZZ: 1
[2019.09.16-21.44.51:099][  0]LogAssetRegistry: FAssetRegistry took 0.0574 seconds to start up
[2019.09.16-21.44.52:137][  0]LogInit: Selected Device Profile: [Windows]
[2019.09.16-21.44.53:021][  0]LogMeshReduction: Using QuadricMeshReduction for automatic static mesh reduction
[2019.09.16-21.44.53:021][  0]LogMeshReduction: Using SimplygonMeshReduction for automatic skeletal mesh reduction
[2019.09.16-21.44.53:021][  0]LogMeshReduction: Using ProxyLODMeshReduction for automatic mesh merging
[2019.09.16-21.44.53:021][  0]LogMeshReduction: No distributed automatic mesh merging module available
[2019.09.16-21.44.53:021][  0]LogMeshMerging: No distributed automatic mesh merging module available
[2019.09.16-21.44.53:059][  0]LogNetVersion: PluginDevelopement 1.0.0, NetCL: 5660361, EngineNetVer: 10, GameNetVer: 0 (Checksum: 2186017985)
[2019.09.16-21.44.54:315][  0]LogPackageLocalizationCache: Processed 16 localized package path(s) for 1 prioritized culture(s) in 0.220813 seconds
[2019.09.16-21.44.54:328][  0]LogUObjectArray: 42205 objects as part of root set at end of initial load.
[2019.09.16-21.44.54:328][  0]LogUObjectAllocator: 7325032 out of 0 bytes used by permanent object pool.
[2019.09.16-21.44.54:328][  0]LogUObjectArray: CloseDisregardForGC: 0/0 objects in disregard for GC pool
[2019.09.16-21.45.10:935][  0]LogTcpMessaging: Initializing TcpMessaging bridge
[2019.09.16-21.45.10:985][  0]LogUdpMessaging: Initializing bridge on interface 0.0.0.0:0 to multicast group 230.0.0.1:6666.
[2019.09.16-21.45.11:397][  0]SourceControl: Source control is disabled
[2019.09.16-21.45.11:397][  0]SourceControl: Source control is disabled
[2019.09.16-21.45.11:400][  0]SourceControl: Source control is disabled
[2019.09.16-21.45.11:402][  0]SourceControl: Source control is disabled
[2019.09.16-21.45.12:904][  0]LogAndroidPermission: UAndroidPermissionCallbackProxy::GetInstance
[2019.09.16-21.45.13:109][  0]LogOcInput: OculusInput pre-init called
[2019.09.16-21.46.10:991][  0]LogWindows: Failed to load 'libalias_api.dll' (GetLastError=126)
[2019.09.16-21.46.10:991][  0]LogWindows: File 'libalias_api.dll' does not exist
[2019.09.16-21.46.10:993][  0]LogWindows: Failed to load 'libalias_api.dll' (GetLastError=126)
[2019.09.16-21.46.10:993][  0]LogWindows: File 'libalias_api.dll' does not exist
[2019.09.16-21.46.11:648][  0]LogEngine: Initializing Engine...
[2019.09.16-21.46.11:650][  0]LogHMD: Failed to initialize OpenVR with code 110
[2019.09.16-21.46.11:653][  0]LogStats: UGameplayTagsManager::InitializeManager -  0.000 s
[2019.09.16-21.46.12:234][  0]LogInit: Initializing FReadOnlyCVARCache
[2019.09.16-21.46.12:504][  0]LogAIModule: Creating AISystem for world Untitled
[2019.09.16-21.46.12:546][  0]LogInit: XAudio2 using 'Speakers (Realtek High Definition Audio)' : 2 channels at 48 kHz using 32 bits per sample (channel mask 0x3)
[2019.09.16-21.46.12:625][  0]LogInit: FAudioDevice initialized.
[2019.09.16-21.46.12:627][  0]LogNetVersion: Set ProjectVersion to 1.0.0.0. Version Checksum will be recalculated on next use.
[2019.09.16-21.46.15:594][  0]LogDerivedDataCache: Saved boot cache 2.97s 72MB C:/Users/Matt/AppData/Local/UnrealEngine/4.22/DerivedDataCache/Boot.ddc.
[2019.09.16-21.46.15:617][  0]LogInit: Texture streaming: Enabled
[2019.09.16-21.46.15:677][  0]LogEngineSessionManager: EngineSessionManager initialized
[2019.09.16-21.46.15:745][  0]LogInit: Transaction tracking system initialized
[2019.09.16-21.46.15:837][  0]BlueprintLog: New page: Editor Load
[2019.09.16-21.46.17:961][  0]LocalizationService: Localization service is disabled
[2019.09.16-21.46.19:972][  0]LogFileCache: Scanning file cache for directory 'C:/Users/Matt/Desktop/School Work/LOG795/LOG795-A19/PluginDevelopement/Content/' took 0.01s
[2019.09.16-21.46.19:972][  0]LogCook: Display: Max memory allowance for cook 16384mb min free memory 0mb
[2019.09.16-21.46.19:973][  0]LogCook: Display: Mobile HDR setting 1
[2019.09.16-21.46.41:355][  0]SourceControl: Source control is disabled
[2019.09.16-21.46.41:355][  0]Cmd: MAP LOAD FILE="../../../Engine/Content/Maps/Templates/Template_Default.umap" TEMPLATE=1 SHOWPROGRESS=1 FEATURELEVEL=3
[2019.09.16-21.46.41:357][  0]LightingResults: New page: Lighting Build
[2019.09.16-21.46.41:367][  0]MapCheck: New page: Map Check
[2019.09.16-21.46.41:367][  0]LightingResults: New page: Lighting Build
[2019.09.16-21.46.41:548][  0]LogUObjectHash: Compacting FUObjectHashTables data took   5.09ms
[2019.09.16-21.46.41:771][  0]LogAIModule: Creating AISystem for world Untitled_1
[2019.09.16-21.46.41:975][  0]LogEditorServer: Finished looking for orphan Actors (0.000 secs)
[2019.09.16-21.46.42:065][  0]LogUObjectHash: Compacting FUObjectHashTables data took   6.42ms
[2019.09.16-21.46.42:065][  0]Cmd: MAP CHECKDEP NOCLEARLOG
[2019.09.16-21.46.42:066][  0]MapCheck: Map check complete: 0 Error(s), 0 Warning(s), took 0.568ms to complete.
[2019.09.16-21.46.42:066][  0]LogFileHelpers: Loading map 'Template_Default' took 0.711
[2019.09.16-21.46.42:615][  0]LogSlate: Updating window title bar state: overlay mode, drag disabled, window buttons hidden, title bar hidden
[2019.09.16-21.46.42:635][  0]LogSlate: Updating window title bar state: overlay mode, drag disabled, window buttons hidden, title bar hidden
[2019.09.16-21.46.42:659][  0]LogSlate: Updating window title bar state: overlay mode, drag disabled, window buttons hidden, title bar hidden
[2019.09.16-21.46.42:697][  0]LogSlate: Updating window title bar state: overlay mode, drag disabled, window buttons hidden, title bar hidden
[2019.09.16-21.46.42:731][  0]LogCollectionManager: Loaded 0 collections in 0.006621 seconds
[2019.09.16-21.46.42:788][  0]LogFileCache: Scanning file cache for directory 'C:/Users/Matt/Desktop/School Work/LOG795/LOG795-A19/PluginDevelopement/Saved/Collections/' took 0.01s
[2019.09.16-21.46.42:788][  0]LogFileCache: Scanning file cache for directory 'C:/Users/Matt/Desktop/School Work/LOG795/LOG795-A19/PluginDevelopement/Content/Developers/Matt/Collections/' took 0.01s
[2019.09.16-21.46.42:788][  0]LogFileCache: Scanning file cache for directory 'C:/Users/Matt/Desktop/School Work/LOG795/LOG795-A19/PluginDevelopement/Content/Collections/' took 0.01s
[2019.09.16-21.46.42:788][  0]LogCollectionManager: Rebuilt the GUID cache for 0 collections in 0.000000 seconds
[2019.09.16-21.46.42:818][  0]LogContentBrowser: Native class hierarchy populated in 0.0296 seconds. Added 2865 classes and 728 folders.
[2019.09.16-21.46.42:849][  0]LogContentBrowser: Native class hierarchy updated for 'WidgetCarousel' in 0.0009 seconds. Added 0 classes and 0 folders.
[2019.09.16-21.46.42:911][  0]LogPakFile: Registered encryption key '00000000000000000000000000000000': 0 pak files mounted, 0 remain pending
[2019.09.16-21.46.42:927][  0]LogPakFile: Registered encryption key '00000000000000000000000000000000': 0 pak files mounted, 0 remain pending
[2019.09.16-21.46.42:975][  0]LogPakFile: Registered encryption key '00000000000000000000000000000000': 0 pak files mounted, 0 remain pending
[2019.09.16-21.46.42:991][  0]LogPakFile: Registered encryption key '00000000000000000000000000000000': 0 pak files mounted, 0 remain pending
[2019.09.16-21.46.43:004][  0]LogPakFile: Registered encryption key '00000000000000000000000000000000': 0 pak files mounted, 0 remain pending
[2019.09.16-21.46.43:017][  0]LogPakFile: Registered encryption key '00000000000000000000000000000000': 0 pak files mounted, 0 remain pending
[2019.09.16-21.46.43:031][  0]LogPakFile: Registered encryption key '00000000000000000000000000000000': 0 pak files mounted, 0 remain pending
[2019.09.16-21.46.43:042][  0]LogPakFile: Registered encryption key '00000000000000000000000000000000': 0 pak files mounted, 0 remain pending
[2019.09.16-21.46.43:055][  0]LogPakFile: Registered encryption key '00000000000000000000000000000000': 0 pak files mounted, 0 remain pending
[2019.09.16-21.46.43:070][  0]LogPakFile: Registered encryption key '00000000000000000000000000000000': 0 pak files mounted, 0 remain pending
[2019.09.16-21.46.43:084][  0]LogPakFile: Registered encryption key '00000000000000000000000000000000': 0 pak files mounted, 0 remain pending
[2019.09.16-21.46.43:103][  0]LogPakFile: Registered encryption key '00000000000000000000000000000000': 0 pak files mounted, 0 remain pending
[2019.09.16-21.46.43:119][  0]LogPakFile: Registered encryption key '00000000000000000000000000000000': 0 pak files mounted, 0 remain pending
[2019.09.16-21.46.43:133][  0]LogPakFile: Registered encryption key '00000000000000000000000000000000': 0 pak files mounted, 0 remain pending
[2019.09.16-21.46.43:147][  0]LogPakFile: Registered encryption key '00000000000000000000000000000000': 0 pak files mounted, 0 remain pending
[2019.09.16-21.46.43:160][  0]LogPakFile: Registered encryption key '00000000000000000000000000000000': 0 pak files mounted, 0 remain pending
[2019.09.16-21.46.43:252][  0]LogPakFile: Registered encryption key '00000000000000000000000000000000': 0 pak files mounted, 0 remain pending
[2019.09.16-21.46.43:263][  0]LogPakFile: Registered encryption key '00000000000000000000000000000000': 0 pak files mounted, 0 remain pending
[2019.09.16-21.46.43:275][  0]LogPakFile: Registered encryption key '00000000000000000000000000000000': 0 pak files mounted, 0 remain pending
[2019.09.16-21.46.43:290][  0]LogPakFile: Registered encryption key '00000000000000000000000000000000': 0 pak files mounted, 0 remain pending
[2019.09.16-21.46.43:306][  0]LogPakFile: Registered encryption key '00000000000000000000000000000000': 0 pak files mounted, 0 remain pending
[2019.09.16-21.46.43:320][  0]LogPakFile: Registered encryption key '00000000000000000000000000000000': 0 pak files mounted, 0 remain pending
[2019.09.16-21.46.43:336][  0]LogPakFile: Registered encryption key '00000000000000000000000000000000': 0 pak files mounted, 0 remain pending
[2019.09.16-21.46.43:352][  0]LogPakFile: Registered encryption key '00000000000000000000000000000000': 0 pak files mounted, 0 remain pending
[2019.09.16-21.46.43:368][  0]LogPakFile: Registered encryption key '00000000000000000000000000000000': 0 pak files mounted, 0 remain pending
[2019.09.16-21.46.43:382][  0]LogPakFile: Registered encryption key '00000000000000000000000000000000': 0 pak files mounted, 0 remain pending
[2019.09.16-21.46.43:399][  0]LogPakFile: Registered encryption key '00000000000000000000000000000000': 0 pak files mounted, 0 remain pending
[2019.09.16-21.46.43:431][  0]LogPakFile: Registered encryption key '00000000000000000000000000000000': 0 pak files mounted, 0 remain pending
[2019.09.16-21.46.44:257][  0]LogContentBrowser: Native class hierarchy updated for 'AddContentDialog' in 0.0008 seconds. Added 0 classes and 0 folders.
[2019.09.16-21.46.44:275][  0]LogContentBrowser: Native class hierarchy updated for 'SceneOutliner' in 0.0009 seconds. Added 1 classes and 0 folders.
[2019.09.16-21.46.44:343][  0]LogSlate: Took 0.035533 seconds to synchronously load lazily loaded font '../../../Engine/Content/Slate/Fonts/Roboto-Regular.ttf' (155K)
[2019.09.16-21.46.44:370][  0]LogSlate: Took 0.021968 seconds to synchronously load lazily loaded font '../../../Engine/Content/Slate/Fonts/Roboto-Bold.ttf' (160K)
[2019.09.16-21.46.44:484][  0]LogSlate: Took 0.083408 seconds to synchronously load lazily loaded font '../../../Engine/Content/Editor/Slate/Fonts/FontAwesome.ttf' (139K)
[2019.09.16-21.46.44:899][  0]LogRenderer: Reallocating scene render targets to support 1208x580 Format 10 NumSamples 1 (Frame:1).
[2019.09.16-21.46.45:346][  0]LogSlate: FSceneViewport::OnFocusLost() reason 2
[2019.09.16-21.46.45:399][  0]LogSlate: Window 'Tutorials' being destroyed
[2019.09.16-21.46.45:446][  0]LogContentBrowser: Native class hierarchy updated for 'HierarchicalLODOutliner' in 0.0008 seconds. Added 0 classes and 0 folders.
[2019.09.16-21.46.45:446][  0]LogLoad: (Engine Initialization) Total time: 146.12 seconds
[2019.09.16-21.46.45:447][  0]LogLoad: (Engine Initialization) Total Blueprint compile time: 0.00 seconds
[2019.09.16-21.46.45:845][  0]LogSlate: FSceneViewport::OnFocusLost() reason 0
[2019.09.16-21.46.45:918][  0]LogContentStreaming: Texture pool size now 1000 MB
[2019.09.16-21.46.46:053][  1]LogAssetRegistry: Asset discovery search completed in 114.9786 seconds
[2019.09.16-21.46.46:059][  1]LogCollectionManager: Rebuilt the object cache for 0 collections in 0.000001 seconds (found 0 objects)
[2019.09.16-21.46.46:059][  1]LogCollectionManager: Fixed up redirectors for 0 collections in 0.000103 seconds (updated 0 objects)
[2019.09.16-21.46.52:674][301]LogRenderer: Reallocating scene render targets to support 1208x600 Format 10 NumSamples 1 (Frame:300).
[2019.09.16-21.46.52:745][302]LogRenderer: Reallocating scene render targets to support 1208x636 Format 10 NumSamples 1 (Frame:302).
[2019.09.16-21.46.52:839][303]LogRenderer: Reallocating scene render targets to support 1208x660 Format 10 NumSamples 1 (Frame:304).
[2019.09.16-21.51.05:497][267]LogSlate: Took 0.000336 seconds to synchronously load lazily loaded font '../../../Engine/Content/Slate/Fonts/Roboto-Light.ttf' (167K)
[2019.09.16-21.51.05:783][267]Running C:/Program Files/Epic Games/UE_4.22/Engine/Binaries/DotNET/UnrealBuildTool.exe Development Win64 -TargetType=Editor -Plugin="C:\Users\Matt\Desktop\School Work\LOG795\LOG795-A19\PluginDevelopement\Plugins\StateMachine\StateMachine.uplugin" -Project="C:/Users/Matt/Desktop/School Work/LOG795/LOG795-A19/PluginDevelopement/PluginDevelopement.uproject" -Progress -NoHotReloadFromIDE
[2019.09.16-21.51.13:011][267]Using 'git status' to determine working set for adaptive non-unity build (C:\Users\Matt\Desktop\School Work\LOG795\LOG795-A19).
[2019.09.16-21.51.13:819][267]Creating makefile for PluginDevelopementEditor (ini files are newer than makefile)
[2019.09.16-21.51.15:333][267]@progress push 5%
[2019.09.16-21.51.15:336][267]Parsing headers for PluginDevelopementEditor
[2019.09.16-21.51.15:336][267]  Running UnrealHeaderTool "C:\Users\Matt\Desktop\School Work\LOG795\LOG795-A19\PluginDevelopement\PluginDevelopement.uproject" "C:\Users\Matt\Desktop\School Work\LOG795\LOG795-A19\PluginDevelopement\Intermediate\Build\Win64\PluginDevelopementEditor\Development\PluginDevelopementEditor.uhtmanifest" -LogCmds="loginit warning, logexit warning, logdatabase error" -Unattended -WarningsAsErrors -installed
[2019.09.16-21.51.59:050][267]Reflection code generated for PluginDevelopementEditor in 43.6800225 seconds
[2019.09.16-21.51.59:053][267]@progress pop
[2019.09.16-21.52.01:683][267]Using Visual Studio 2019 14.22.27905 toolchain (C:\Program Files (x86)\Microsoft Visual Studio\2019\Community\VC\Tools\MSVC\14.22.27905) and Windows 10.0.18362.0 SDK (C:\Program Files (x86)\Windows Kits\10).
[2019.09.16-21.52.01:683][267]Building 5 actions with 8 processes...
[2019.09.16-21.52.01:683][267]  @progress 'Compiling C++ source code...' 0%
[2019.09.16-21.52.04:610][267]  @progress 'Compiling C++ source code...' 20%
[2019.09.16-21.52.04:610][267]  [1/5] Default.rc2
[2019.09.16-21.52.07:033][267]  @progress 'Compiling C++ source code...' 40%
[2019.09.16-21.52.07:033][267]  [2/5] StateMachine.cpp
[2019.09.16-21.52.08:857][267]  @progress 'Compiling C++ source code...' 60%
[2019.09.16-21.52.08:857][267]  [3/5] UE4Editor-StateMachine.lib
[2019.09.16-21.52.08:857][267]     Creating library C:\Users\Matt\Desktop\School Work\LOG795\LOG795-A19\PluginDevelopement\Plugins\StateMachine\Intermediate\Build\Win64\UE4Editor\Development\StateMachine\UE4Editor-StateMachine.lib and object C:\Users\Matt\Desktop\School Work\LOG795\LOG795-A19\PluginDevelopement\Plugins\StateMachine\Intermediate\Build\Win64\UE4Editor\Development\StateMachine\UE4Editor-StateMachine.exp
[2019.09.16-21.52.15:119][267]  @progress 'Compiling C++ source code...' 80%
[2019.09.16-21.52.15:119][267]  [4/5] UE4Editor-StateMachine.dll
[2019.09.16-21.52.15:119][267]     Creating library C:\Users\Matt\Desktop\School Work\LOG795\LOG795-A19\PluginDevelopement\Plugins\StateMachine\Intermediate\Build\Win64\UE4Editor\Development\StateMachine\UE4Editor-StateMachine.suppressed.lib and object C:\Users\Matt\Desktop\School Work\LOG795\LOG795-A19\PluginDevelopement\Plugins\StateMachine\Intermediate\Build\Win64\UE4Editor\Development\StateMachine\UE4Editor-StateMachine.suppressed.exp
[2019.09.16-21.52.19:056][267]  @progress 'Compiling C++ source code...' 100%
[2019.09.16-21.52.19:056][267]  [5/5] PluginDevelopementEditor.target
[2019.09.16-21.52.19:056][267]Total time in Parallel executor: 17.31 seconds
[2019.09.16-21.52.19:359][267]Total execution time: 71.49 seconds
[2019.09.16-21.52.19:489][267]Running C:/Program Files/Epic Games/UE_4.22/Engine/Binaries/DotNET/UnrealBuildTool.exe  -projectfiles -project="C:/Users/Matt/Desktop/School Work/LOG795/LOG795-A19/PluginDevelopement/PluginDevelopement.uproject" -game -rocket -progress
[2019.09.16-21.52.22:198][267]Discovering modules, targets and source code for project...
[2019.09.16-21.52.32:322][267]Binding IntelliSense data...
[2019.09.16-21.52.37:083][267]Binding IntelliSense data... 100%
[2019.09.16-21.52.37:083][267]Writing project files...
[2019.09.16-21.52.49:340][267]Writing project files... 75%
[2019.09.16-21.52.49:343][267]Writing project files... 100%
[2019.09.16-21.52.52:069][267]LogDirectoryWatcher: A directory notification for 'C:/Users/Matt/Desktop/School Work/LOG795/LOG795-A19/PluginDevelopement/Content/' was aborted.
[2019.09.16-21.52.52:653][267]LogFileCache: Scanning file cache for directory 'C:/Users/Matt/Desktop/School Work/LOG795/LOG795-A19/PluginDevelopement/Content/' took 0.02s
[2019.09.16-21.52.53:280][267]LogSlate: Window 'New Plugin' being destroyed
[2019.09.16-21.52.59:819][268]LogUnrealEdMisc: Warning: Heartbeat event firing too frequently (0.000 sec). This should never happen. Something is wrong with the timer delegate!
[2019.09.16-21.53.45:527][404]LogUnrealEdMisc: Warning: Heartbeat event firing too frequently (45.709 sec). This should never happen. Something is wrong with the timer delegate!
[2019.09.16-22.00.58:671][261]LogSlate: Window 'Plugins' being destroyed
[2019.09.16-22.00.58:685][261]LogSlate: Window 'Plugins' being destroyed
[2019.09.16-22.00.58:685][261]LogDirectoryWatcher: A directory notification for '../../../Engine/Plugins/' was aborted.
[2019.09.16-22.00.58:685][261]LogDirectoryWatcher: A directory notification for 'C:/Program Files/Epic Games/UE_4.22/Enterprise/Plugins/' was aborted.
[2019.09.16-22.22.08:289][603]LogRenderer: Reallocating scene render targets to support 1208x680 Format 10 NumSamples 1 (Frame:2544).
[2019.09.16-22.24.44:483][237]LogUObjectHash: Compacting FUObjectHashTables data took   3.21ms
[2019.09.16-22.25.02:441][237]LogSlate: Window 'PluginDevelopement - Unreal Editor' being destroyed
[2019.09.16-22.25.03:159][238]Cmd: QUIT_EDITOR
[2019.09.16-22.25.03:462][238]LogWindowsTextInputMethodSystem: Display: IME system now deactivated.
[2019.09.16-22.25.04:153][238]LogExit: Preparing to exit.
[2019.09.16-22.25.05:797][238]LogExit: Editor shut down
[2019.09.16-22.25.05:814][238]LogExit: Transaction tracking system shut down
[2019.09.16-22.25.10:656][238]LogExit: Object subsystem successfully closed.
[2019.09.16-22.25.10:691][238]LogShaderCompilers: Display: Shaders left to compile 0
[2019.09.16-22.25.10:699][238]LogD3D11RHI: Shutdown
[2019.09.16-22.25.10:699][238]LogD3D11RHI: CleanupD3DDevice
[2019.09.16-22.25.10:699][238]LogRendererCore: FGlobalReadBuffer::ReleaseRHI
[2019.09.16-22.25.10:699][238]LogRendererCore: FGlobalDynamicReadBuffer::Cleanup()
[2019.09.16-22.25.10:700][238]LogRendererCore: FGlobalReadBuffer::ReleaseRHI
[2019.09.16-22.25.10:700][238]LogRendererCore: FGlobalDynamicReadBuffer::Cleanup()
[2019.09.16-22.25.10:700][238]LogRendererCore: FGlobalReadBuffer::ReleaseRHI
[2019.09.16-22.25.10:700][238]LogRendererCore: FGlobalDynamicReadBuffer::Cleanup()
[2019.09.16-22.25.10:859][238]LogD3D11RHI: ~FD3D11DynamicRHI
[2019.09.16-22.25.19:183][238]LogModuleManager: Shutting down and abandoning module StateMachine (690)
[2019.09.16-22.25.19:183][238]LogModuleManager: Shutting down and abandoning module HierarchicalLODOutliner (688)
[2019.09.16-22.25.19:183][238]LogModuleManager: Shutting down and abandoning module SceneOutliner (686)
[2019.09.16-22.25.19:183][238]LogModuleManager: Shutting down and abandoning module AddContentDialog (684)
[2019.09.16-22.25.19:184][238]LogModuleManager: Shutting down and abandoning module WidgetCarousel (683)
[2019.09.16-22.25.19:184][238]LogModuleManager: Shutting down and abandoning module EditorWidgets (680)
[2019.09.16-22.25.19:184][238]LogModuleManager: Shutting down and abandoning module CollectionManager (678)
[2019.09.16-22.25.19:184][238]LogModuleManager: Shutting down and abandoning module HierarchicalLODUtilities (676)
[2019.09.16-22.25.19:184][238]LogModuleManager: Shutting down and abandoning module StatsViewer (674)
[2019.09.16-22.25.19:184][238]LogModuleManager: Shutting down and abandoning module FoliageEdit (672)
[2019.09.16-22.25.19:184][238]LogModuleManager: Shutting down and abandoning module LandscapeEditor (670)
[2019.09.16-22.25.19:185][238]LogModuleManager: Shutting down and abandoning module MeshPaintMode (668)
[2019.09.16-22.25.19:185][238]LogModuleManager: Shutting down and abandoning module SceneDepthPickerMode (666)
[2019.09.16-22.25.19:185][238]LogModuleManager: Shutting down and abandoning module ActorPickerMode (664)
[2019.09.16-22.25.19:185][238]LogModuleManager: Shutting down and abandoning module GeometryMode (662)
[2019.09.16-22.25.19:185][238]LogModuleManager: Shutting down and abandoning module TextureAlignMode (660)
[2019.09.16-22.25.19:185][238]LogModuleManager: Shutting down and abandoning module BspMode (658)
[2019.09.16-22.25.19:185][238]LogModuleManager: Shutting down and abandoning module PIEPreviewDeviceProfileSelector (656)
[2019.09.16-22.25.19:185][238]LogModuleManager: Shutting down and abandoning module SequenceRecorderSections (654)
[2019.09.16-22.25.19:185][238]LogModuleManager: Shutting down and abandoning module AutomationWorker (652)
[2019.09.16-22.25.19:185][238]LogModuleManager: Shutting down and abandoning module DatasmithFBXImporter (650)
[2019.09.16-22.25.19:658][238]LogModuleManager: Shutting down and abandoning module DatasmithDeltaGenImporter (648)
[2019.09.16-22.25.19:658][238]LogModuleManager: Shutting down and abandoning module DatasmithVREDImporter (646)
[2019.09.16-22.25.19:659][238]LogModuleManager: Shutting down and abandoning module OculusMR (644)
[2019.09.16-22.25.19:659][238]LogModuleManager: Shutting down and abandoning module AudioCaptureEditor (642)
[2019.09.16-22.25.19:659][238]LogModuleManager: Shutting down and abandoning module MatineeToLevelSequence (640)
[2019.09.16-22.25.19:659][238]LogModuleManager: Shutting down and abandoning module LevelSequenceEditor (638)
[2019.09.16-22.25.19:659][238]LogModuleManager: Shutting down and abandoning module PlacementMode (637)
[2019.09.16-22.25.19:659][238]LogModuleManager: Shutting down and abandoning module MaterialEditor (636)
[2019.09.16-22.25.19:659][238]LogModuleManager: Shutting down and abandoning module ActorSequenceEditor (632)
[2019.09.16-22.25.19:659][238]LogModuleManager: Shutting down and abandoning module WmfMediaFactory (630)
[2019.09.16-22.25.19:659][238]LogModuleManager: Shutting down and abandoning module WmfMediaEditor (628)
[2019.09.16-22.25.19:659][238]LogModuleManager: Shutting down and abandoning module WebMMediaFactory (626)
[2019.09.16-22.25.19:659][238]LogModuleManager: Shutting down and abandoning module WebMMediaEditor (624)
[2019.09.16-22.25.19:659][238]LogModuleManager: Shutting down and abandoning module WebMMedia (622)
[2019.09.16-22.25.19:659][238]LogModuleManager: Shutting down and abandoning module MediaPlayerEditor (620)
[2019.09.16-22.25.19:659][238]LogModuleManager: Shutting down and abandoning module MediaCompositingEditor (618)
[2019.09.16-22.25.19:660][238]LogModuleManager: Shutting down and abandoning module SequenceRecorder (617)
[2019.09.16-22.25.19:660][238]LogModuleManager: Shutting down and abandoning module OpenExrWrapper (614)
[2019.09.16-22.25.19:660][238]LogModuleManager: Shutting down and abandoning module ImgMediaFactory (612)
[2019.09.16-22.25.19:660][238]LogModuleManager: Shutting down and abandoning module ImgMediaEditor (610)
[2019.09.16-22.25.19:660][238]LogModuleManager: Shutting down and abandoning module AvfMediaFactory (608)
[2019.09.16-22.25.19:660][238]LogModuleManager: Shutting down and abandoning module AvfMediaEditor (606)
[2019.09.16-22.25.19:660][238]LogModuleManager: Shutting down and abandoning module AndroidMediaFactory (604)
[2019.09.16-22.25.19:660][238]LogModuleManager: Shutting down and abandoning module AndroidMediaEditor (602)
[2019.09.16-22.25.19:660][238]LogModuleManager: Shutting down and abandoning module MagicLeapCameraPreviewFactory (600)
[2019.09.16-22.25.19:660][238]LogModuleManager: Shutting down and abandoning module MagicLeapMediaCodecFactory (598)
[2019.09.16-22.25.19:660][238]LogModuleManager: Shutting down and abandoning module MagicLeapMediaFactory (596)
[2019.09.16-22.25.19:660][238]LogModuleManager: Shutting down and abandoning module MagicLeapMediaEditor (594)
[2019.09.16-22.25.19:660][238]LogModuleManager: Shutting down and abandoning module CharacterAI (592)
[2019.09.16-22.25.19:660][238]LogModuleManager: Shutting down and abandoning module SmartSnapping (590)
[2019.09.16-22.25.19:660][238]LogModuleManager: Shutting down and abandoning module SessionServices (588)
[2019.09.16-22.25.19:660][238]LogModuleManager: Shutting down and abandoning module MeshPaint (586)
[2019.09.16-22.25.19:661][238]LogModuleManager: Shutting down and abandoning module ViewportSnapping (584)
[2019.09.16-22.25.19:661][238]LogModuleManager: Shutting down and abandoning module ViewportInteraction (582)
[2019.09.16-22.25.19:661][238]LogModuleManager: Shutting down and abandoning module ClothPainter (580)
[2019.09.16-22.25.19:661][238]LogModuleManager: Shutting down and abandoning module SkeletalMeshEditor (579)
[2019.09.16-22.25.19:661][238]LogModuleManager: Shutting down and abandoning module LogVisualizer (576)
[2019.09.16-22.25.19:661][238]LogModuleManager: Shutting down and abandoning module IntroTutorials (574)
[2019.09.16-22.25.19:661][238]LogModuleManager: Shutting down and abandoning module GameProjectGeneration (573)
[2019.09.16-22.25.19:661][238]LogModuleManager: Shutting down and abandoning module LuminPlatformEditor (570)
[2019.09.16-22.25.19:661][238]LogModuleManager: Shutting down and abandoning module IOSPlatformEditor (568)
[2019.09.16-22.25.19:661][238]LogModuleManager: Shutting down and abandoning module HTML5PlatformEditor (566)
[2019.09.16-22.25.19:661][238]LogModuleManager: Shutting down and abandoning module AndroidPlatformEditor (564)
[2019.09.16-22.25.19:661][238]LogModuleManager: Shutting down and abandoning module AndroidDeviceDetection (563)
[2019.09.16-22.25.20:137][238]LogModuleManager: Shutting down and abandoning module WindowsPlatformEditor (560)
[2019.09.16-22.25.20:137][238]LogModuleManager: Shutting down and abandoning module LuminRuntimeSettings (558)
[2019.09.16-22.25.20:137][238]LogModuleManager: Shutting down and abandoning module IOSRuntimeSettings (556)
[2019.09.16-22.25.20:137][238]LogModuleManager: Shutting down and abandoning module AndroidRuntimeSettings (554)
[2019.09.16-22.25.20:137][238]LogModuleManager: Shutting down and abandoning module TimeManagementEditor (552)
[2019.09.16-22.25.20:137][238]LogModuleManager: Shutting down and abandoning module InputBindingEditor (550)
[2019.09.16-22.25.20:137][238]LogModuleManager: Shutting down and abandoning module MergeActors (548)
[2019.09.16-22.25.20:137][238]LogModuleManager: Shutting down and abandoning module LocalizationDashboard (546)
[2019.09.16-22.25.20:137][238]LogModuleManager: Shutting down and abandoning module LocalizationService (545)
[2019.09.16-22.25.20:137][238]LogModuleManager: Shutting down and abandoning module HardwareTargeting (542)
[2019.09.16-22.25.20:137][238]LogModuleManager: Shutting down and abandoning module DeviceProfileEditor (540)
[2019.09.16-22.25.20:137][238]LogModuleManager: Shutting down and abandoning module UndoHistory (538)
[2019.09.16-22.25.20:137][238]LogModuleManager: Shutting down and abandoning module XmlParser (536)
[2019.09.16-22.25.20:137][238]LogModuleManager: Shutting down and abandoning module Blutility (534)
[2019.09.16-22.25.20:137][238]LogModuleManager: Shutting down and abandoning module ProjectSettingsViewer (532)
[2019.09.16-22.25.20:137][238]LogModuleManager: Shutting down and abandoning module ProjectTargetPlatformEditor (531)
[2019.09.16-22.25.20:138][238]LogModuleManager: Shutting down and abandoning module EditorSettingsViewer (528)
[2019.09.16-22.25.20:139][238]LogModuleManager: Shutting down and abandoning module SettingsEditor (526)
[2019.09.16-22.25.20:139][238]LogModuleManager: Shutting down and abandoning module ProjectLauncher (524)
[2019.09.16-22.25.20:139][238]LogModuleManager: Shutting down and abandoning module SessionFrontend (522)
[2019.09.16-22.25.20:139][238]LogModuleManager: Shutting down and abandoning module ProfilerClient (520)
[2019.09.16-22.25.20:139][238]LogModuleManager: Shutting down and abandoning module DeviceManager (518)
[2019.09.16-22.25.20:139][238]LogModuleManager: Shutting down and abandoning module TargetDeviceServices (517)
[2019.09.16-22.25.20:195][238]LogModuleManager: Shutting down and abandoning module AutomationController (514)
[2019.09.16-22.25.20:195][238]LogModuleManager: Shutting down and abandoning module AutomationWindow (512)
[2019.09.16-22.25.20:195][238]LogModuleManager: Shutting down and abandoning module Layers (510)
[2019.09.16-22.25.20:195][238]LogModuleManager: Shutting down and abandoning module ComponentVisualizers (508)
[2019.09.16-22.25.20:195][238]LogModuleManager: Shutting down and abandoning module DetailCustomizations (506)
[2019.09.16-22.25.20:196][238]LogModuleManager: Shutting down and abandoning module PackagesDialog (504)
[2019.09.16-22.25.20:196][238]LogModuleManager: Shutting down and abandoning module AnimationBlueprintEditor (502)
[2019.09.16-22.25.20:196][238]LogModuleManager: Shutting down and abandoning module Persona (500)
[2019.09.16-22.25.20:196][238]LogModuleManager: Shutting down and abandoning module AnimGraph (499)
[2019.09.16-22.25.20:196][238]LogModuleManager: Shutting down and abandoning module Kismet (496)
[2019.09.16-22.25.20:197][238]LogModuleManager: Shutting down and abandoning module GraphEditor (494)
[2019.09.16-22.25.20:198][238]LogModuleManager: Shutting down and abandoning module ClassViewer (492)
[2019.09.16-22.25.20:198][238]LogModuleManager: Shutting down and abandoning module Toolbox (490)
[2019.09.16-22.25.20:198][238]LogModuleManager: Shutting down and abandoning module DesktopPlatform (489)
[2019.09.16-22.25.20:198][238]LogModuleManager: Shutting down and abandoning module ModuleUI (486)
[2019.09.16-22.25.20:198][238]LogModuleManager: Shutting down and abandoning module MovieSceneTools (484)
[2019.09.16-22.25.20:198][238]LogModuleManager: Shutting down and abandoning module OutputLog (482)
[2019.09.16-22.25.20:198][238]LogModuleManager: Shutting down and abandoning module GammaUI (480)
[2019.09.16-22.25.20:198][238]LogModuleManager: Shutting down and abandoning module Documentation (478)
[2019.09.16-22.25.20:198][238]LogModuleManager: Shutting down and abandoning module LiveCoding (476)
[2019.09.16-22.25.20:198][238]LogModuleManager: Shutting down and abandoning module LevelSequence (474)
[2019.09.16-22.25.20:198][238]LogModuleManager: Shutting down and abandoning module MovieSceneTracks (472)
[2019.09.16-22.25.20:198][238]LogModuleManager: Shutting down and abandoning module MovieScene (470)
[2019.09.16-22.25.20:198][238]LogModuleManager: Shutting down and abandoning module StreamingPauseRendering (468)
[2019.09.16-22.25.20:198][238]LogModuleManager: Shutting down and abandoning module LauncherPlatform (466)
[2019.09.16-22.25.20:198][238]LogModuleManager: Shutting down and abandoning module AnalyticsET (464)
[2019.09.16-22.25.20:198][238]LogModuleManager: Shutting down and abandoning module PortalServices (462)
[2019.09.16-22.25.20:198][238]LogModuleManager: Shutting down and abandoning module PortalRpc (460)
[2019.09.16-22.25.20:198][238]LogModuleManager: Shutting down and abandoning module MessagingRpc (458)
[2019.09.16-22.25.20:198][238]LogModuleManager: Shutting down and abandoning module AIModule (456)
[2019.09.16-22.25.20:198][238]LogModuleManager: Shutting down and abandoning module GameplayDebugger (455)
[2019.09.16-22.25.20:198][238]LogModuleManager: Shutting down and abandoning module AITestSuite (453)
[2019.09.16-22.25.20:198][238]LogModuleManager: Shutting down and abandoning module NavigationSystem (451)
[2019.09.16-22.25.20:198][238]LogModuleManager: Shutting down and abandoning module ImageWriteQueue (448)
[2019.09.16-22.25.20:210][238]LogModuleManager: Shutting down and abandoning module ProfilerService (446)
[2019.09.16-22.25.20:313][238]LogModuleManager: Shutting down and abandoning module TaskGraph (444)
[2019.09.16-22.25.20:313][238]LogModuleManager: Shutting down and abandoning module DatasmithCADImporter (442)
[2019.09.16-22.25.20:463][238]LogModuleManager: Shutting down and abandoning module VariantManager (440)
[2019.09.16-22.25.21:661][238]LogModuleManager: Shutting down and abandoning module StaticMeshEditorExtension (438)
[2019.09.16-22.25.21:661][238]LogModuleManager: Shutting down and abandoning module StaticMeshEditor (437)
[2019.09.16-22.25.21:888][238]LogModuleManager: Shutting down and abandoning module AdvancedPreviewScene (436)
[2019.09.16-22.25.21:888][238]LogModuleManager: Shutting down and abandoning module MeshProcessingLibrary (433)
[2019.09.16-22.25.21:925][238]LogModuleManager: Shutting down and abandoning module MDLImporter (430)
[2019.09.16-22.25.21:935][238]LogModuleManager: Shutting down and abandoning module DatasmithGLTFImporter (428)
[2019.09.16-22.25.22:391][238]LogModuleManager: Shutting down and abandoning module DatasmithImporter (427)
[2019.09.16-22.25.23:288][238]LogModuleManager: Shutting down and abandoning module DatasmithDataPrepLibraries (424)
[2019.09.16-22.25.23:407][238]LogModuleManager: Shutting down and abandoning module DatasmithDataPrepEditor (422)
[2019.09.16-22.25.23:785][238]LogModuleManager: Shutting down and abandoning module SteamVRController (420)
[2019.09.16-22.25.23:786][238]LogModuleManager: Shutting down and abandoning module ProceduralMeshComponentEditor (418)
[2019.09.16-22.25.23:786][238]LogModuleManager: Shutting down and abandoning module ProceduralMeshComponent (416)
[2019.09.16-22.25.23:786][238]LogModuleManager: Shutting down and abandoning module OculusEditor (414)
[2019.09.16-22.25.23:786][238]LogModuleManager: Shutting down and abandoning module OculusInput (412)
[2019.09.16-22.25.23:786][238]LogModuleManager: Shutting down and abandoning module MobilePatchingUtils (410)
[2019.09.16-22.25.23:786][238]LogModuleManager: Shutting down and abandoning module EditableMesh (408)
[2019.09.16-22.25.23:786][238]LogModuleManager: Shutting down and abandoning module CustomMeshComponent (406)
[2019.09.16-22.25.23:786][238]LogModuleManager: Shutting down and abandoning module CableComponent (404)
[2019.09.16-22.25.23:786][238]LogModuleManager: Shutting down and abandoning module AudioCapture (402)
[2019.09.16-22.25.23:786][238]LogModuleManager: Shutting down and abandoning module ArchVisCharacter (400)
[2019.09.16-22.25.23:786][238]LogModuleManager: Shutting down and abandoning module AndroidPermission (398)
[2019.09.16-22.25.23:786][238]LogModuleManager: Shutting down and abandoning module NUTUnrealEngine4 (396)
[2019.09.16-22.25.23:786][238]LogModuleManager: Shutting down and abandoning module NetcodeUnitTest (394)
[2019.09.16-22.25.23:786][238]LogModuleManager: Shutting down and abandoning module MediaCompositing (392)
[2019.09.16-22.25.23:786][238]LogModuleManager: Shutting down and abandoning module LinearTimecode (390)
[2019.09.16-22.25.23:786][238]LogModuleManager: Shutting down and abandoning module ImgMedia (388)
[2019.09.16-22.25.23:786][238]LogModuleManager: Shutting down and abandoning module MagicLeapHelperVulkan (386)
[2019.09.16-22.25.23:786][238]LogModuleManager: Shutting down and abandoning module MagicLeapHelperOpenGL (384)
[2019.09.16-22.25.23:786][238]LogModuleManager: Shutting down and abandoning module MagicLeapAudio (382)
[2019.09.16-22.25.23:786][238]LogModuleManager: Shutting down and abandoning module HTML5Networking (380)
[2019.09.16-22.25.23:787][238]LogModuleManager: Shutting down and abandoning module GeometryCollectionEditor (378)
[2019.09.16-22.25.23:891][238]LogModuleManager: Shutting down and abandoning module GeometryCollectionExampleCore (376)
[2019.09.16-22.25.23:970][238]LogModuleManager: Shutting down and abandoning module GeometryCacheTracks (374)
[2019.09.16-22.25.23:970][238]LogModuleManager: Shutting down and abandoning module GeometryCacheSequencer (372)
[2019.09.16-22.25.23:970][238]LogModuleManager: Shutting down and abandoning module ChaosSolverEditor (370)
[2019.09.16-22.25.23:970][238]LogModuleManager: Shutting down and abandoning module BlastAuthoring (368)
[2019.09.16-22.25.23:970][238]LogModuleManager: Shutting down and abandoning module BackChannel (366)
[2019.09.16-22.25.23:970][238]LogModuleManager: Shutting down and abandoning module AppleVision (364)
[2019.09.16-22.25.23:970][238]LogModuleManager: Shutting down and abandoning module AppleImageUtilsBlueprintSupport (362)
[2019.09.16-22.25.23:970][238]LogModuleManager: Shutting down and abandoning module AppleImageUtils (360)
[2019.09.16-22.25.23:970][238]LogModuleManager: Shutting down and abandoning module AlembicImporter (358)
[2019.09.16-22.25.23:970][238]LogModuleManager: Shutting down and abandoning module AlembicLibrary (357)
[2019.09.16-22.25.23:970][238]LogModuleManager: Shutting down and abandoning module GeometryCache (356)
[2019.09.16-22.25.23:970][238]LogModuleManager: Shutting down and abandoning module GeometryCacheEd (355)
[2019.09.16-22.25.23:970][238]LogModuleManager: Shutting down and abandoning module VariantManagerContent (350)
[2019.09.16-22.25.23:970][238]LogModuleManager: Shutting down and abandoning module DatasmithContentEditor (348)
[2019.09.16-22.25.23:970][238]LogModuleManager: Shutting down and abandoning module SpeedTreeImporter (346)
[2019.09.16-22.25.23:971][238]LogModuleManager: Shutting down and abandoning module PluginBrowser (344)
[2019.09.16-22.25.23:972][238]LogModuleManager: Shutting down and abandoning module MobileLauncherProfileWizard (342)
[2019.09.16-22.25.23:973][238]LogModuleManager: Shutting down and abandoning module PolygonModeling (340)
[2019.09.16-22.25.23:973][238]LogModuleManager: Shutting down and abandoning module MeshEditor (338)
[2019.09.16-22.25.23:973][238]LogModuleManager: Shutting down and abandoning module MaterialAnalyzer (336)
[2019.09.16-22.25.23:973][238]LogModuleManager: Shutting down and abandoning module GLTFImporter (334)
[2019.09.16-22.25.24:049][238]LogModuleManager: Shutting down and abandoning module EditorScriptingUtilities (332)
[2019.09.16-22.25.24:049][238]LogModuleManager: Shutting down and abandoning module CryptoKeysOpenSSL (330)
[2019.09.16-22.25.24:049][238]LogModuleManager: Shutting down and abandoning module CryptoKeys (328)
[2019.09.16-22.25.24:049][238]LogModuleManager: Shutting down and abandoning module VisualStudioSourceCodeAccess (326)
[2019.09.16-22.25.24:049][238]LogModuleManager: Shutting down and abandoning module VisualStudioCodeSourceCodeAccess (324)
[2019.09.16-22.25.24:049][238]LogModuleManager: Shutting down and abandoning module UObjectPlugin (322)
[2019.09.16-22.25.24:049][238]LogModuleManager: Shutting down and abandoning module SubversionSourceControl (320)
[2019.09.16-22.25.24:049][238]LogModuleManager: Shutting down and abandoning module PerforceSourceControl (318)
[2019.09.16-22.25.24:049][238]LogModuleManager: Shutting down and abandoning module GitSourceControl (316)
[2019.09.16-22.25.24:049][238]LogModuleManager: Shutting down and abandoning module SourceControl (315)
[2019.09.16-22.25.24:049][238]LogModuleManager: Shutting down and abandoning module CLionSourceCodeAccess (312)
[2019.09.16-22.25.24:049][238]LogModuleManager: Shutting down and abandoning module AnimationSharingEd (310)
[2019.09.16-22.25.24:049][238]LogModuleManager: Shutting down and abandoning module ActorLayerUtilitiesEditor (308)
[2019.09.16-22.25.24:049][238]LogModuleManager: Shutting down and abandoning module ActorLayerUtilities (306)
[2019.09.16-22.25.24:049][238]LogModuleManager: Shutting down and abandoning module LightPropagationVolumeEditor (304)
[2019.09.16-22.25.24:049][238]LogModuleManager: Shutting down and abandoning module PaperTiledImporter (302)
[2019.09.16-22.25.24:049][238]LogModuleManager: Shutting down and abandoning module PaperSpriteSheetImporter (300)
[2019.09.16-22.25.24:049][238]LogModuleManager: Shutting down and abandoning module Paper2DEditor (298)
[2019.09.16-22.25.24:050][238]LogModuleManager: Shutting down and abandoning module PluginDevelopement (296)
[2019.09.16-22.25.24:050][238]LogModuleManager: Shutting down and abandoning module SignificanceManager (294)
[2019.09.16-22.25.24:050][238]LogModuleManager: Shutting down and abandoning module RuntimePhysXCooking (292)
[2019.09.16-22.25.24:050][238]LogModuleManager: Shutting down and abandoning module PhysXVehiclesEditor (290)
[2019.09.16-22.25.24:050][238]LogModuleManager: Shutting down and abandoning module PhysXVehicles (288)
[2019.09.16-22.25.24:050][238]LogModuleManager: Shutting down and abandoning module LocationServicesBPLibrary (286)
[2019.09.16-22.25.24:050][238]LogModuleManager: Shutting down and abandoning module ActorSequence (284)
[2019.09.16-22.25.24:050][238]LogModuleManager: Shutting down and abandoning module UdpMessaging (282)
[2019.09.16-22.25.24:151][238]LogModuleManager: Shutting down and abandoning module TcpMessaging (280)
[2019.09.16-22.25.24:253][238]LogModuleManager: Shutting down and abandoning module MagicLeapIdentity (278)
[2019.09.16-22.25.24:253][238]LogModuleManager: Shutting down and abandoning module MagicLeapSecureStorage (276)
[2019.09.16-22.25.24:253][238]LogModuleManager: Shutting down and abandoning module MagicLeapHandTracking (274)
[2019.09.16-22.25.24:253][238]LogModuleManager: Shutting down and abandoning module MagicLeapEyeTracker (272)
[2019.09.16-22.25.24:253][238]LogModuleManager: Shutting down and abandoning module MagicLeapController (270)
[2019.09.16-22.25.24:253][238]LogSlate: Slate User Destroyed.  User Index 0, Is Virtual User: 0
[2019.09.16-22.25.24:254][238]LogModuleManager: Shutting down and abandoning module MagicLeapAR (268)
[2019.09.16-22.25.24:254][238]LogModuleManager: Shutting down and abandoning module AugmentedReality (267)
[2019.09.16-22.25.24:254][238]LogModuleManager: Shutting down and abandoning module GameplayTagsEditor (264)
[2019.09.16-22.25.24:254][238]LogModuleManager: Shutting down and abandoning module FacialAnimationEditor (262)
[2019.09.16-22.25.24:254][238]LogModuleManager: Shutting down and abandoning module FacialAnimation (260)
[2019.09.16-22.25.24:254][238]LogModuleManager: Shutting down and abandoning module DataValidation (258)
[2019.09.16-22.25.24:254][238]LogModuleManager: Shutting down and abandoning module AssetManagerEditor (256)
[2019.09.16-22.25.24:255][238]LogModuleManager: Shutting down and abandoning module LevelEditor (255)
[2019.09.16-22.25.24:257][238]LogModuleManager: Shutting down and abandoning module PixelInspectorModule (254)
[2019.09.16-22.25.24:257][238]LogModuleManager: Shutting down and abandoning module CommonMenuExtensions (252)
[2019.09.16-22.25.24:257][238]LogModuleManager: Shutting down and abandoning module MainFrame (250)
[2019.09.16-22.25.24:257][238]LogModuleManager: Shutting down and abandoning module HotReload (249)
[2019.09.16-22.25.24:290][238]LogModuleManager: Shutting down and abandoning module ContentBrowser (245)
[2019.09.16-22.25.24:293][238]LogModuleManager: Shutting down and abandoning module TreeMap (243)
[2019.09.16-22.25.24:293][238]LogModuleManager: Shutting down and abandoning module AnimationSharing (240)
[2019.09.16-22.25.24:293][238]LogModuleManager: Shutting down and abandoning module LightPropagationVolumeRuntime (238)
[2019.09.16-22.25.24:293][238]LogModuleManager: Shutting down and abandoning module AISupportModule (236)
[2019.09.16-22.25.24:293][238]LogModuleManager: Shutting down and abandoning module Paper2D (234)
[2019.09.16-22.25.24:293][238]LogModuleManager: Shutting down and abandoning module WindowsMoviePlayer (232)
[2019.09.16-22.25.24:293][238]LogModuleManager: Shutting down and abandoning module WebMMoviePlayer (230)
[2019.09.16-22.25.24:293][238]LogModuleManager: Shutting down and abandoning module PacketHandler (228)
[2019.09.16-22.25.24:293][238]LogModuleManager: Shutting down and abandoning module ClothingSystemEditor (226)
[2019.09.16-22.25.24:293][238]LogModuleManager: Shutting down and abandoning module ClothingSystemRuntime (224)
[2019.09.16-22.25.24:293][238]LogModuleManager: Shutting down and abandoning module MediaAssets (222)
[2019.09.16-22.25.24:293][238]LogModuleManager: Shutting down and abandoning module Overlay (220)
[2019.09.16-22.25.24:293][238]LogModuleManager: Shutting down and abandoning module OverlayEditor (219)
[2019.09.16-22.25.24:293][238]LogModuleManager: Shutting down and abandoning module VREditor (216)
[2019.09.16-22.25.24:293][238]LogModuleManager: Shutting down and abandoning module StringTableEditor (214)
[2019.09.16-22.25.24:294][238]LogModuleManager: Shutting down and abandoning module GameplayTasksEditor (212)
[2019.09.16-22.25.24:294][238]LogModuleManager: Shutting down and abandoning module BehaviorTreeEditor (210)
[2019.09.16-22.25.24:294][238]LogModuleManager: Shutting down and abandoning module FunctionalTesting (208)
[2019.09.16-22.25.24:294][238]LogModuleManager: Shutting down and abandoning module CollisionAnalyzer (206)
[2019.09.16-22.25.24:294][238]LogModuleManager: Shutting down and abandoning module WorkspaceMenuStructure (205)
[2019.09.16-22.25.24:294][238]LogModuleManager: Shutting down and abandoning module UMG (202)
[2019.09.16-22.25.24:294][238]LogModuleManager: Shutting down and abandoning module UMGEditor (201)
[2019.09.16-22.25.24:294][238]LogModuleManager: Shutting down and abandoning module Sequencer (200)
[2019.09.16-22.25.24:294][238]LogModuleManager: Shutting down and abandoning module MessageLog (197)
[2019.09.16-22.25.24:294][238]LogModuleManager: Shutting down and abandoning module SlateReflector (192)
[2019.09.16-22.25.24:294][238]LogModuleManager: Shutting down and abandoning module Slate (190)
[2019.09.16-22.25.24:294][238]LogModuleManager: Shutting down and abandoning module EditorStyle (188)
[2019.09.16-22.25.24:297][238]LogModuleManager: Shutting down and abandoning module UnrealEd (186)
[2019.09.16-22.25.24:297][238]LogModuleManager: Shutting down and abandoning module MRMesh (184)
[2019.09.16-22.25.24:297][238]LogModuleManager: Shutting down and abandoning module SourceCodeAccess (182)
[2019.09.16-22.25.24:297][238]LogModuleManager: Shutting down and abandoning module HeadMountedDisplay (180)
[2019.09.16-22.25.24:297][238]LogModuleManager: Shutting down and abandoning module XAudio2 (178)
[2019.09.16-22.25.24:297][238]LogModuleManager: Shutting down and abandoning module Networking (176)
[2019.09.16-22.25.24:297][238]LogModuleManager: Shutting down and abandoning module Core (174)
[2019.09.16-22.25.24:297][238]LogModuleManager: Shutting down and abandoning module KismetCompiler (172)
[2019.09.16-22.25.24:297][238]LogModuleManager: Shutting down and abandoning module MeshUtilities (170)
[2019.09.16-22.25.24:297][238]LogModuleManager: Shutting down and abandoning module MeshMergeUtilities (169)
[2019.09.16-22.25.24:297][238]LogModuleManager: Shutting down and abandoning module MeshReductionInterface (168)
[2019.09.16-22.25.24:297][238]LogModuleManager: Shutting down and abandoning module SkeletalMeshReduction (167)
[2019.09.16-22.25.24:297][238]LogModuleManager: Shutting down and abandoning module ProxyLODMeshReduction (165)
[2019.09.16-22.25.24:298][238]LogModuleManager: Shutting down and abandoning module QuadricMeshReduction (163)
[2019.09.16-22.25.24:298][238]LogModuleManager: Shutting down and abandoning module MaterialBaking (159)
[2019.09.16-22.25.24:298][238]LogModuleManager: Shutting down and abandoning module DerivedDataCache (154)
[2019.09.16-22.25.24:318][238]LogDerivedDataCache: Shutdown
[2019.09.16-22.25.24:318][238]LogModuleManager: Shutting down and abandoning module XGEController (152)
[2019.09.16-22.25.24:318][238]LogModuleManager: Shutting down and abandoning module TargetPlatform (150)
[2019.09.16-22.25.24:318][238]LogModuleManager: Shutting down and abandoning module VulkanShaderFormat (149)
[2019.09.16-22.25.24:318][238]LogModuleManager: Shutting down and abandoning module ShaderFormatVectorVM (147)
[2019.09.16-22.25.24:318][238]LogModuleManager: Shutting down and abandoning module ShaderFormatOpenGL (145)
[2019.09.16-22.25.24:318][238]LogModuleManager: Shutting down and abandoning module ShaderFormatD3D (143)
[2019.09.16-22.25.24:318][238]LogModuleManager: Shutting down and abandoning module MetalShaderFormat (141)
[2019.09.16-22.25.24:318][238]LogModuleManager: Shutting down and abandoning module TextureFormatUncompressed (139)
[2019.09.16-22.25.24:318][238]LogModuleManager: Shutting down and abandoning module TextureFormatPVR (137)
[2019.09.16-22.25.24:318][238]LogModuleManager: Shutting down and abandoning module TextureFormatDXT (135)
[2019.09.16-22.25.24:318][238]LogModuleManager: Shutting down and abandoning module TextureFormatIntelISPCTexComp (133)
[2019.09.16-22.25.24:318][238]LogModuleManager: Shutting down and abandoning module TextureFormatASTC (131)
[2019.09.16-22.25.24:318][238]LogModuleManager: Shutting down and abandoning module ImageWrapper (130)
[2019.09.16-22.25.24:318][238]LogModuleManager: Shutting down and abandoning module TextureFormatAndroid (127)
[2019.09.16-22.25.24:318][238]LogModuleManager: Shutting down and abandoning module AudioFormatOpus (125)
[2019.09.16-22.25.24:318][238]LogModuleManager: Shutting down and abandoning module AudioFormatOgg (123)
[2019.09.16-22.25.24:318][238]LogModuleManager: Shutting down and abandoning module AudioFormatADPCM (121)
[2019.09.16-22.25.24:318][238]LogModuleManager: Shutting down and abandoning module LuminTargetPlatform (119)
[2019.09.16-22.25.24:319][238]LogModuleManager: Shutting down and abandoning module LinuxTargetPlatform (117)
[2019.09.16-22.25.24:319][238]LogModuleManager: Shutting down and abandoning module LinuxServerTargetPlatform (115)
[2019.09.16-22.25.24:319][238]LogModuleManager: Shutting down and abandoning module LinuxNoEditorTargetPlatform (113)
[2019.09.16-22.25.24:319][238]LogModuleManager: Shutting down and abandoning module LinuxClientTargetPlatform (111)
[2019.09.16-22.25.24:319][238]LogModuleManager: Shutting down and abandoning module TVOSTargetPlatform (109)
[2019.09.16-22.25.24:320][238]LogModuleManager: Shutting down and abandoning module Messaging (107)
[2019.09.16-22.25.24:320][238]LogModuleManager: Shutting down and abandoning module IOSTargetPlatform (105)
[2019.09.16-22.25.24:324][238]LogModuleManager: Shutting down and abandoning module HTML5TargetPlatform (103)
[2019.09.16-22.25.24:324][238]LogModuleManager: Shutting down and abandoning module AndroidTargetPlatform (101)
[2019.09.16-22.25.24:334][238]LogModuleManager: Shutting down and abandoning module WindowsTargetPlatform (99)
[2019.09.16-22.25.24:334][238]LogModuleManager: Shutting down and abandoning module WindowsServerTargetPlatform (97)
[2019.09.16-22.25.24:334][238]LogModuleManager: Shutting down and abandoning module WindowsNoEditorTargetPlatform (95)
[2019.09.16-22.25.24:334][238]LogModuleManager: Shutting down and abandoning module WindowsClientTargetPlatform (93)
[2019.09.16-22.25.24:334][238]LogModuleManager: Shutting down and abandoning module MacTargetPlatform (91)
[2019.09.16-22.25.24:334][238]LogModuleManager: Shutting down and abandoning module MacServerTargetPlatform (89)
[2019.09.16-22.25.24:334][238]LogModuleManager: Shutting down and abandoning module MacNoEditorTargetPlatform (87)
[2019.09.16-22.25.24:334][238]LogModuleManager: Shutting down and abandoning module MacClientTargetPlatform (85)
[2019.09.16-22.25.24:334][238]LogModuleManager: Shutting down and abandoning module AllDesktopTargetPlatform (83)
[2019.09.16-22.25.24:334][238]LogModuleManager: Shutting down and abandoning module InputCore (80)
[2019.09.16-22.25.24:334][238]LogModuleManager: Shutting down and abandoning module Settings (78)
[2019.09.16-22.25.24:335][238]LogModuleManager: Shutting down and abandoning module DirectoryWatcher (76)
[2019.09.16-22.25.24:335][238]LogModuleManager: Shutting down and abandoning module PhysXCooking (74)
[2019.09.16-22.25.24:335][238]LogModuleManager: Shutting down and abandoning module SteamVR (72)
[2019.09.16-22.25.24:335][238]LogHMD: Freeing OpenVRDLLHandle.
[2019.09.16-22.25.24:335][238]LogModuleManager: Shutting down and abandoning module OculusHMD (70)
[2019.09.16-22.25.24:335][238]LogModuleManager: Shutting down and abandoning module ExampleDeviceProfileSelector (68)
[2019.09.16-22.25.24:335][238]LogModuleManager: Shutting down and abandoning module LauncherChunkInstaller (66)
[2019.09.16-22.25.24:335][238]LogModuleManager: Shutting down and abandoning module OnlineBlueprintSupport (64)
[2019.09.16-22.25.24:335][238]LogModuleManager: Shutting down and abandoning module OnlineSubsystem (60)
[2019.09.16-22.25.24:336][238]LogModuleManager: Shutting down and abandoning module XMPP (55)
[2019.09.16-22.25.24:337][238]LogModuleManager: Shutting down and abandoning module WebSockets (54)
[2019.09.16-22.25.24:351][238]LogModuleManager: Shutting down and abandoning module HTTP (51)
[2019.09.16-22.25.24:351][238]LogHttp: Display: Http module shutting down, but needs to wait on 1 outstanding Http requests:
[2019.09.16-22.25.24:351][238]LogHttp: Display: 	verb=[POST] url=[https://datarouter.ol.epicgames.com/datarouter/api/v1/public/data?SessionID=%7B46ADCB6B-488A-C5FA-71B1-7EB40D0B92DC%7D&AppID=UEEditor.Rocket.Release&AppVersion=4.22.3-7053642%2B%2B%2BUE4%2BRelease-4.22&UserID=a6243d78494bcb42cc386aba1775259b%7Cf754b08039c44a0ab5dbf8ce45766392%7C560580ed-3850-4930-962c-5f0abab71c90&AppEnvironment=datacollector-binary&UploadType=eteventstream] status=Processing
[2019.09.16-22.25.24:366][238]LogModuleManager: Shutting down and abandoning module SSL (50)
[2019.09.16-22.25.24:370][238]LogModuleManager: Shutting down and abandoning module WmfMedia (46)
[2019.09.16-22.25.24:377][238]LogModuleManager: Shutting down and abandoning module Media (45)
[2019.09.16-22.25.24:384][238]LogModuleManager: Shutting down and abandoning module MagicLeap (42)
[2019.09.16-22.25.24:384][238]LogModuleManager: Shutting down and abandoning module DatasmithContent (40)
[2019.09.16-22.25.24:385][238]LogModuleManager: Shutting down and abandoning module AnimationModifiers (38)
[2019.09.16-22.25.24:385][238]LogModuleManager: Shutting down and abandoning module PropertyEditor (37)
[2019.09.16-22.25.24:385][238]LogModuleManager: Shutting down and abandoning module AudioEditor (34)
[2019.09.16-22.25.24:385][238]LogModuleManager: Shutting down and abandoning module TextureCompressor (32)
[2019.09.16-22.25.24:385][238]LogModuleManager: Shutting down and abandoning module RenderCore (30)
[2019.09.16-22.25.24:385][238]LogModuleManager: Shutting down and abandoning module Landscape (28)
[2019.09.16-22.25.24:385][238]LogModuleManager: Shutting down and abandoning module SlateRHIRenderer (26)
[2019.09.16-22.25.24:386][238]LogModuleManager: Shutting down and abandoning module OpenGLDrv (24)
[2019.09.16-22.25.24:386][238]LogModuleManager: Shutting down and abandoning module D3D11RHI (22)
[2019.09.16-22.25.24:386][238]LogModuleManager: Shutting down and abandoning module AnimGraphRuntime (20)
[2019.09.16-22.25.24:386][238]LogModuleManager: Shutting down and abandoning module Renderer (18)
[2019.09.16-22.25.24:386][238]LogModuleManager: Shutting down and abandoning module Engine (16)
[2019.09.16-22.25.24:386][238]LogModuleManager: Shutting down and abandoning module CoreUObject (14)
[2019.09.16-22.25.24:386][238]LogModuleManager: Shutting down and abandoning module NetworkFile (12)
[2019.09.16-22.25.24:386][238]LogModuleManager: Shutting down and abandoning module CookedIterativeFile (10)
[2019.09.16-22.25.24:386][238]LogModuleManager: Shutting down and abandoning module StreamingFile (8)
[2019.09.16-22.25.24:386][238]LogModuleManager: Shutting down and abandoning module SandboxFile (6)
[2019.09.16-22.25.24:386][238]LogModuleManager: Shutting down and abandoning module PakFile (4)
[2019.09.16-22.25.24:386][238]LogModuleManager: Shutting down and abandoning module RSA (3)
[2019.09.16-22.25.24:401][238]LogExit: Exiting.
[2019.09.16-22.25.24:477][238]Log file closed, 09/16/19 18:25:24
